[1.035s] Invoking command in '/home/jungseong/robot_ws/build/topic_service_action_rclpy_final': CMAKE_PREFIX_PATH=/home/jungseong/robot_ws/install/msg_srv_action_interface_example:/home/jungseong/robot_ws/install/my_first_ros_rclcpp_pkg PYTHONPATH=/home/jungseong/robot_ws/build/topic_service_action_rclpy_final/prefix_override:/usr/lib/python3/dist-packages/colcon_core/task/python/colcon_distutils_commands:/home/jungseong/robot_ws/install/topic_service_action_rclpy_final/lib/python3.10/site-packages:${PYTHONPATH} /usr/bin/python3 -W ignore:setup.py install is deprecated -W ignore:easy_install command is deprecated setup.py develop --editable --build-directory /home/jungseong/robot_ws/build/topic_service_action_rclpy_final/build --no-deps symlink_data
[1.453s] running develop
[1.747s] running egg_info
[1.748s] writing topic_service_action_rclpy_final.egg-info/PKG-INFO
[1.748s] writing dependency_links to topic_service_action_rclpy_final.egg-info/dependency_links.txt
[1.750s] writing entry points to topic_service_action_rclpy_final.egg-info/entry_points.txt
[1.750s] writing requirements to topic_service_action_rclpy_final.egg-info/requires.txt
[1.751s] writing top-level names to topic_service_action_rclpy_final.egg-info/top_level.txt
[1.753s] reading manifest file 'topic_service_action_rclpy_final.egg-info/SOURCES.txt'
[1.754s] writing manifest file 'topic_service_action_rclpy_final.egg-info/SOURCES.txt'
[1.756s] running build_ext
[1.757s] Creating /home/jungseong/robot_ws/install/topic_service_action_rclpy_final/lib/python3.10/site-packages/topic-service-action-rclpy-final.egg-link (link to .)
[1.758s] Installing argument script to /home/jungseong/robot_ws/install/topic_service_action_rclpy_final/lib/topic_service_action_rclpy_final
[1.758s] Installing calculator script to /home/jungseong/robot_ws/install/topic_service_action_rclpy_final/lib/topic_service_action_rclpy_final
[1.758s] Installing checker script to /home/jungseong/robot_ws/install/topic_service_action_rclpy_final/lib/topic_service_action_rclpy_final
[1.759s] Installing operator script to /home/jungseong/robot_ws/install/topic_service_action_rclpy_final/lib/topic_service_action_rclpy_final
[1.759s] 
[1.759s] Installed /home/jungseong/robot_ws/build/topic_service_action_rclpy_final
[1.759s] running symlink_data
[1.793s] Invoked command in '/home/jungseong/robot_ws/build/topic_service_action_rclpy_final' returned '0': CMAKE_PREFIX_PATH=/home/jungseong/robot_ws/install/msg_srv_action_interface_example:/home/jungseong/robot_ws/install/my_first_ros_rclcpp_pkg PYTHONPATH=/home/jungseong/robot_ws/build/topic_service_action_rclpy_final/prefix_override:/usr/lib/python3/dist-packages/colcon_core/task/python/colcon_distutils_commands:/home/jungseong/robot_ws/install/topic_service_action_rclpy_final/lib/python3.10/site-packages:${PYTHONPATH} /usr/bin/python3 -W ignore:setup.py install is deprecated -W ignore:easy_install command is deprecated setup.py develop --editable --build-directory /home/jungseong/robot_ws/build/topic_service_action_rclpy_final/build --no-deps symlink_data
