[0.041s] Invoking command in '/home/jungseong/robot_ws/build/my_first_ros_rclcpp_pkg': CMAKE_PREFIX_PATH=${CMAKE_PREFIX_PATH}:/home/jungseong/robot_ws/install/my_first_ros_rclpy_pkg:/opt/ros/humble /usr/bin/cmake --build /home/jungseong/robot_ws/build/my_first_ros_rclcpp_pkg -- -j12 -l12
[0.455s] Invoked command in '/home/jungseong/robot_ws/build/my_first_ros_rclcpp_pkg' returned '0': CMAKE_PREFIX_PATH=${CMAKE_PREFIX_PATH}:/home/jungseong/robot_ws/install/my_first_ros_rclpy_pkg:/opt/ros/humble /usr/bin/cmake --build /home/jungseong/robot_ws/build/my_first_ros_rclcpp_pkg -- -j12 -l12
[0.475s] Invoking command in '/home/jungseong/robot_ws/build/my_first_ros_rclcpp_pkg': CMAKE_PREFIX_PATH=${CMAKE_PREFIX_PATH}:/home/jungseong/robot_ws/install/my_first_ros_rclpy_pkg:/opt/ros/humble /usr/bin/cmake --install /home/jungseong/robot_ws/build/my_first_ros_rclcpp_pkg
[0.486s] -- Install configuration: ""
[0.487s] -- Up-to-date: /home/jungseong/robot_ws/install/my_first_ros_rclcpp_pkg/share/ament_index/resource_index/package_run_dependencies/my_first_ros_rclcpp_pkg
[0.487s] -- Up-to-date: /home/jungseong/robot_ws/install/my_first_ros_rclcpp_pkg/share/ament_index/resource_index/parent_prefix_path/my_first_ros_rclcpp_pkg
[0.488s] -- Up-to-date: /home/jungseong/robot_ws/install/my_first_ros_rclcpp_pkg/share/my_first_ros_rclcpp_pkg/environment/ament_prefix_path.sh
[0.489s] -- Up-to-date: /home/jungseong/robot_ws/install/my_first_ros_rclcpp_pkg/share/my_first_ros_rclcpp_pkg/environment/ament_prefix_path.dsv
[0.490s] -- Up-to-date: /home/jungseong/robot_ws/install/my_first_ros_rclcpp_pkg/share/my_first_ros_rclcpp_pkg/environment/path.sh
[0.491s] -- Up-to-date: /home/jungseong/robot_ws/install/my_first_ros_rclcpp_pkg/share/my_first_ros_rclcpp_pkg/environment/path.dsv
[0.492s] -- Up-to-date: /home/jungseong/robot_ws/install/my_first_ros_rclcpp_pkg/share/my_first_ros_rclcpp_pkg/local_setup.bash
[0.492s] -- Up-to-date: /home/jungseong/robot_ws/install/my_first_ros_rclcpp_pkg/share/my_first_ros_rclcpp_pkg/local_setup.sh
[0.492s] -- Up-to-date: /home/jungseong/robot_ws/install/my_first_ros_rclcpp_pkg/share/my_first_ros_rclcpp_pkg/local_setup.zsh
[0.492s] -- Up-to-date: /home/jungseong/robot_ws/install/my_first_ros_rclcpp_pkg/share/my_first_ros_rclcpp_pkg/local_setup.dsv
[0.493s] -- Installing: /home/jungseong/robot_ws/install/my_first_ros_rclcpp_pkg/share/my_first_ros_rclcpp_pkg/package.dsv
[0.493s] -- Up-to-date: /home/jungseong/robot_ws/install/my_first_ros_rclcpp_pkg/share/ament_index/resource_index/packages/my_first_ros_rclcpp_pkg
[0.494s] -- Up-to-date: /home/jungseong/robot_ws/install/my_first_ros_rclcpp_pkg/share/my_first_ros_rclcpp_pkg/cmake/my_first_ros_rclcpp_pkgConfig.cmake
[0.494s] -- Up-to-date: /home/jungseong/robot_ws/install/my_first_ros_rclcpp_pkg/share/my_first_ros_rclcpp_pkg/cmake/my_first_ros_rclcpp_pkgConfig-version.cmake
[0.494s] -- Up-to-date: /home/jungseong/robot_ws/install/my_first_ros_rclcpp_pkg/share/my_first_ros_rclcpp_pkg/package.xml
[0.495s] Invoked command in '/home/jungseong/robot_ws/build/my_first_ros_rclcpp_pkg' returned '0': CMAKE_PREFIX_PATH=${CMAKE_PREFIX_PATH}:/home/jungseong/robot_ws/install/my_first_ros_rclpy_pkg:/opt/ros/humble /usr/bin/cmake --install /home/jungseong/robot_ws/build/my_first_ros_rclcpp_pkg
