[1.068s] Invoking command in '/home/jungseong/robot_ws/src/my_first_ros_rclpy_pkg': PYTHONPATH=/home/jungseong/robot_ws/build/my_first_ros_rclpy_pkg/prefix_override:/usr/lib/python3/dist-packages/colcon_core/task/python/colcon_distutils_commands:/home/jungseong/robot_ws/install/my_first_ros_rclpy_pkg/lib/python3.10/site-packages:${PYTHONPATH} /usr/bin/python3 -W ignore:setup.py install is deprecated -W ignore:easy_install command is deprecated setup.py egg_info --egg-base ../../build/my_first_ros_rclpy_pkg build --build-base /home/jungseong/robot_ws/build/my_first_ros_rclpy_pkg/build install --record /home/jungseong/robot_ws/build/my_first_ros_rclpy_pkg/install.log --single-version-externally-managed install_data
[1.421s] running egg_info
[1.423s] writing ../../build/my_first_ros_rclpy_pkg/my_first_ros_rclpy_pkg.egg-info/PKG-INFO
[1.424s] writing dependency_links to ../../build/my_first_ros_rclpy_pkg/my_first_ros_rclpy_pkg.egg-info/dependency_links.txt
[1.427s] writing entry points to ../../build/my_first_ros_rclpy_pkg/my_first_ros_rclpy_pkg.egg-info/entry_points.txt
[1.427s] writing requirements to ../../build/my_first_ros_rclpy_pkg/my_first_ros_rclpy_pkg.egg-info/requires.txt
[1.427s] writing top-level names to ../../build/my_first_ros_rclpy_pkg/my_first_ros_rclpy_pkg.egg-info/top_level.txt
[1.431s] reading manifest file '../../build/my_first_ros_rclpy_pkg/my_first_ros_rclpy_pkg.egg-info/SOURCES.txt'
[1.433s] writing manifest file '../../build/my_first_ros_rclpy_pkg/my_first_ros_rclpy_pkg.egg-info/SOURCES.txt'
[1.433s] running build
[1.433s] running build_py
[1.434s] running install
[1.435s] running install_lib
[1.436s] running install_data
[1.436s] running install_egg_info
[1.438s] removing '/home/jungseong/robot_ws/install/my_first_ros_rclpy_pkg/lib/python3.10/site-packages/my_first_ros_rclpy_pkg-0.0.0-py3.10.egg-info' (and everything under it)
[1.439s] Copying ../../build/my_first_ros_rclpy_pkg/my_first_ros_rclpy_pkg.egg-info to /home/jungseong/robot_ws/install/my_first_ros_rclpy_pkg/lib/python3.10/site-packages/my_first_ros_rclpy_pkg-0.0.0-py3.10.egg-info
[1.440s] running install_scripts
[1.469s] Installing helloworld_publisher script to /home/jungseong/robot_ws/install/my_first_ros_rclpy_pkg/lib/my_first_ros_rclpy_pkg
[1.470s] Installing helloworld_subscriber script to /home/jungseong/robot_ws/install/my_first_ros_rclpy_pkg/lib/my_first_ros_rclpy_pkg
[1.471s] writing list of installed files to '/home/jungseong/robot_ws/build/my_first_ros_rclpy_pkg/install.log'
[1.497s] Invoked command in '/home/jungseong/robot_ws/src/my_first_ros_rclpy_pkg' returned '0': PYTHONPATH=/home/jungseong/robot_ws/build/my_first_ros_rclpy_pkg/prefix_override:/usr/lib/python3/dist-packages/colcon_core/task/python/colcon_distutils_commands:/home/jungseong/robot_ws/install/my_first_ros_rclpy_pkg/lib/python3.10/site-packages:${PYTHONPATH} /usr/bin/python3 -W ignore:setup.py install is deprecated -W ignore:easy_install command is deprecated setup.py egg_info --egg-base ../../build/my_first_ros_rclpy_pkg build --build-base /home/jungseong/robot_ws/build/my_first_ros_rclpy_pkg/build install --record /home/jungseong/robot_ws/build/my_first_ros_rclpy_pkg/install.log --single-version-externally-managed install_data
