[0.031s] Invoking command in '/home/jungseong/robot_ws/build/msg_srv_action_interface_example': CMAKE_PREFIX_PATH=${CMAKE_PREFIX_PATH}:/home/jungseong/robot_ws/install/my_first_ros_rclpy_pkg:/opt/ros/humble /usr/bin/cmake --build /home/jungseong/robot_ws/build/msg_srv_action_interface_example -- -j12 -l12
[0.065s] -- Found ament_cmake: 1.3.11 (/opt/ros/humble/share/ament_cmake/cmake)
[0.208s] -- Found ament_lint_auto: 0.12.12 (/opt/ros/humble/share/ament_lint_auto/cmake)
[0.297s] -- Added test 'lint_cmake' to check CMake code style
[0.298s] -- Added test 'xmllint' to check XML markup files
[0.299s] -- Configuring done
[0.304s] -- Generating done
[0.308s] -- Build files have been written to: /home/jungseong/robot_ws/build/msg_srv_action_interface_example
[0.329s] Invoked command in '/home/jungseong/robot_ws/build/msg_srv_action_interface_example' returned '0': CMAKE_PREFIX_PATH=${CMAKE_PREFIX_PATH}:/home/jungseong/robot_ws/install/my_first_ros_rclpy_pkg:/opt/ros/humble /usr/bin/cmake --build /home/jungseong/robot_ws/build/msg_srv_action_interface_example -- -j12 -l12
[0.346s] Invoking command in '/home/jungseong/robot_ws/build/msg_srv_action_interface_example': CMAKE_PREFIX_PATH=${CMAKE_PREFIX_PATH}:/home/jungseong/robot_ws/install/my_first_ros_rclpy_pkg:/opt/ros/humble /usr/bin/cmake --install /home/jungseong/robot_ws/build/msg_srv_action_interface_example
[0.353s] -- Install configuration: ""
[0.354s] -- Installing: /home/jungseong/robot_ws/install/msg_srv_action_interface_example/share/ament_index/resource_index/package_run_dependencies/msg_srv_action_interface_example
[0.356s] -- Up-to-date: /home/jungseong/robot_ws/install/msg_srv_action_interface_example/share/ament_index/resource_index/parent_prefix_path/msg_srv_action_interface_example
[0.356s] -- Up-to-date: /home/jungseong/robot_ws/install/msg_srv_action_interface_example/share/msg_srv_action_interface_example/environment/ament_prefix_path.sh
[0.357s] -- Installing: /home/jungseong/robot_ws/install/msg_srv_action_interface_example/share/msg_srv_action_interface_example/environment/ament_prefix_path.dsv
[0.358s] -- Up-to-date: /home/jungseong/robot_ws/install/msg_srv_action_interface_example/share/msg_srv_action_interface_example/environment/path.sh
[0.359s] -- Installing: /home/jungseong/robot_ws/install/msg_srv_action_interface_example/share/msg_srv_action_interface_example/environment/path.dsv
[0.359s] -- Up-to-date: /home/jungseong/robot_ws/install/msg_srv_action_interface_example/share/msg_srv_action_interface_example/local_setup.bash
[0.360s] -- Installing: /home/jungseong/robot_ws/install/msg_srv_action_interface_example/share/msg_srv_action_interface_example/local_setup.sh
[0.360s] -- Up-to-date: /home/jungseong/robot_ws/install/msg_srv_action_interface_example/share/msg_srv_action_interface_example/local_setup.zsh
[0.360s] -- Installing: /home/jungseong/robot_ws/install/msg_srv_action_interface_example/share/msg_srv_action_interface_example/local_setup.dsv
[0.361s] -- Installing: /home/jungseong/robot_ws/install/msg_srv_action_interface_example/share/msg_srv_action_interface_example/package.dsv
[0.361s] -- Up-to-date: /home/jungseong/robot_ws/install/msg_srv_action_interface_example/share/ament_index/resource_index/packages/msg_srv_action_interface_example
[0.364s] -- Installing: /home/jungseong/robot_ws/install/msg_srv_action_interface_example/share/msg_srv_action_interface_example/cmake/msg_srv_action_interface_exampleConfig.cmake
[0.366s] -- Up-to-date: /home/jungseong/robot_ws/install/msg_srv_action_interface_example/share/msg_srv_action_interface_example/cmake/msg_srv_action_interface_exampleConfig-version.cmake
[0.367s] -- Installing: /home/jungseong/robot_ws/install/msg_srv_action_interface_example/share/msg_srv_action_interface_example/package.xml
[0.369s] Invoked command in '/home/jungseong/robot_ws/build/msg_srv_action_interface_example' returned '0': CMAKE_PREFIX_PATH=${CMAKE_PREFIX_PATH}:/home/jungseong/robot_ws/install/my_first_ros_rclpy_pkg:/opt/ros/humble /usr/bin/cmake --install /home/jungseong/robot_ws/build/msg_srv_action_interface_example
