[0.143s] DEBUG:colcon:Command line arguments: ['/usr/bin/colcon', 'build', '--packages-select', 'msg_srv_action_interface_example']
[0.143s] DEBUG:colcon:Parsed command line arguments: Namespace(log_base=None, log_level=None, verb_name='build', build_base='build', install_base='install', merge_install=False, symlink_install=False, test_result_base=None, continue_on_error=False, executor='parallel', parallel_workers=12, event_handlers=None, ignore_user_meta=False, metas=['./colcon.meta'], base_paths=['.'], packages_ignore=None, packages_ignore_regex=None, paths=None, packages_up_to=None, packages_up_to_regex=None, packages_above=None, packages_above_and_dependencies=None, packages_above_depth=None, packages_select_by_dep=None, packages_skip_by_dep=None, packages_skip_up_to=None, packages_select_build_failed=False, packages_skip_build_finished=False, packages_select_test_failures=False, packages_skip_test_passed=False, packages_select=['msg_srv_action_interface_example'], packages_skip=None, packages_select_regex=None, packages_skip_regex=None, packages_start=None, packages_end=None, allow_overriding=[], cmake_args=None, cmake_target=None, cmake_target_skip_unavailable=False, cmake_clean_cache=False, cmake_clean_first=False, cmake_force_configure=False, ament_cmake_args=None, catkin_cmake_args=None, catkin_skip_building_tests=False, mixin_files=None, mixin=None, verb_parser=<colcon_mixin.mixin.mixin_argument.MixinArgumentDecorator object at 0x7f08081586a0>, verb_extension=<colcon_core.verb.build.BuildVerb object at 0x7f08081581f0>, main=<bound method BuildVerb.main of <colcon_core.verb.build.BuildVerb object at 0x7f08081581f0>>, mixin_verb=('build',))
[0.383s] Level 1:colcon.colcon_core.package_discovery:discover_packages(colcon_meta) check parameters
[0.384s] Level 1:colcon.colcon_core.package_discovery:discover_packages(recursive) check parameters
[0.384s] Level 1:colcon.colcon_core.package_discovery:discover_packages(ignore) check parameters
[0.384s] Level 1:colcon.colcon_core.package_discovery:discover_packages(path) check parameters
[0.384s] Level 1:colcon.colcon_core.package_discovery:discover_packages(colcon_meta) discover
[0.384s] Level 1:colcon.colcon_core.package_discovery:discover_packages(recursive) discover
[0.384s] INFO:colcon.colcon_core.package_discovery:Crawling recursively for packages in '/home/jungseong/robot_ws'
[0.384s] Level 1:colcon.colcon_core.package_identification:_identify(.) by extensions ['ignore', 'ignore_ament_install']
[0.384s] Level 1:colcon.colcon_core.package_identification:_identify(.) by extension 'ignore'
[0.384s] Level 1:colcon.colcon_core.package_identification:_identify(.) by extension 'ignore_ament_install'
[0.384s] Level 1:colcon.colcon_core.package_identification:_identify(.) by extensions ['colcon_pkg']
[0.384s] Level 1:colcon.colcon_core.package_identification:_identify(.) by extension 'colcon_pkg'
[0.385s] Level 1:colcon.colcon_core.package_identification:_identify(.) by extensions ['colcon_meta']
[0.385s] Level 1:colcon.colcon_core.package_identification:_identify(.) by extension 'colcon_meta'
[0.385s] Level 1:colcon.colcon_core.package_identification:_identify(.) by extensions ['ros']
[0.385s] Level 1:colcon.colcon_core.package_identification:_identify(.) by extension 'ros'
[0.404s] Level 1:colcon.colcon_core.package_identification:_identify(.) by extensions ['cmake', 'python']
[0.404s] Level 1:colcon.colcon_core.package_identification:_identify(.) by extension 'cmake'
[0.405s] Level 1:colcon.colcon_core.package_identification:_identify(.) by extension 'python'
[0.405s] Level 1:colcon.colcon_core.package_identification:_identify(.) by extensions ['python_setup_py']
[0.405s] Level 1:colcon.colcon_core.package_identification:_identify(.) by extension 'python_setup_py'
[0.405s] Level 1:colcon.colcon_core.package_identification:_identify(ROS2 Programming) by extensions ['ignore', 'ignore_ament_install']
[0.405s] Level 1:colcon.colcon_core.package_identification:_identify(ROS2 Programming) by extension 'ignore'
[0.405s] Level 1:colcon.colcon_core.package_identification:_identify(ROS2 Programming) by extension 'ignore_ament_install'
[0.405s] Level 1:colcon.colcon_core.package_identification:_identify(ROS2 Programming) by extensions ['colcon_pkg']
[0.405s] Level 1:colcon.colcon_core.package_identification:_identify(ROS2 Programming) by extension 'colcon_pkg'
[0.405s] Level 1:colcon.colcon_core.package_identification:_identify(ROS2 Programming) by extensions ['colcon_meta']
[0.405s] Level 1:colcon.colcon_core.package_identification:_identify(ROS2 Programming) by extension 'colcon_meta'
[0.405s] Level 1:colcon.colcon_core.package_identification:_identify(ROS2 Programming) by extensions ['ros']
[0.406s] Level 1:colcon.colcon_core.package_identification:_identify(ROS2 Programming) by extension 'ros'
[0.406s] Level 1:colcon.colcon_core.package_identification:_identify(ROS2 Programming) by extensions ['cmake', 'python']
[0.406s] Level 1:colcon.colcon_core.package_identification:_identify(ROS2 Programming) by extension 'cmake'
[0.406s] Level 1:colcon.colcon_core.package_identification:_identify(ROS2 Programming) by extension 'python'
[0.406s] Level 1:colcon.colcon_core.package_identification:_identify(ROS2 Programming) by extensions ['python_setup_py']
[0.406s] Level 1:colcon.colcon_core.package_identification:_identify(ROS2 Programming) by extension 'python_setup_py'
[0.406s] Level 1:colcon.colcon_core.package_identification:_identify(ROS2 Programming/4. ROS2 Topic) by extensions ['ignore', 'ignore_ament_install']
[0.406s] Level 1:colcon.colcon_core.package_identification:_identify(ROS2 Programming/4. ROS2 Topic) by extension 'ignore'
[0.407s] Level 1:colcon.colcon_core.package_identification:_identify(ROS2 Programming/4. ROS2 Topic) by extension 'ignore_ament_install'
[0.407s] Level 1:colcon.colcon_core.package_identification:_identify(ROS2 Programming/4. ROS2 Topic) by extensions ['colcon_pkg']
[0.407s] Level 1:colcon.colcon_core.package_identification:_identify(ROS2 Programming/4. ROS2 Topic) by extension 'colcon_pkg'
[0.407s] Level 1:colcon.colcon_core.package_identification:_identify(ROS2 Programming/4. ROS2 Topic) by extensions ['colcon_meta']
[0.407s] Level 1:colcon.colcon_core.package_identification:_identify(ROS2 Programming/4. ROS2 Topic) by extension 'colcon_meta'
[0.407s] Level 1:colcon.colcon_core.package_identification:_identify(ROS2 Programming/4. ROS2 Topic) by extensions ['ros']
[0.407s] Level 1:colcon.colcon_core.package_identification:_identify(ROS2 Programming/4. ROS2 Topic) by extension 'ros'
[0.407s] Level 1:colcon.colcon_core.package_identification:_identify(ROS2 Programming/4. ROS2 Topic) by extensions ['cmake', 'python']
[0.407s] Level 1:colcon.colcon_core.package_identification:_identify(ROS2 Programming/4. ROS2 Topic) by extension 'cmake'
[0.407s] Level 1:colcon.colcon_core.package_identification:_identify(ROS2 Programming/4. ROS2 Topic) by extension 'python'
[0.408s] Level 1:colcon.colcon_core.package_identification:_identify(ROS2 Programming/4. ROS2 Topic) by extensions ['python_setup_py']
[0.408s] Level 1:colcon.colcon_core.package_identification:_identify(ROS2 Programming/4. ROS2 Topic) by extension 'python_setup_py'
[0.408s] Level 1:colcon.colcon_core.package_identification:_identify(ROS2 Programming/5. ROS2 Service) by extensions ['ignore', 'ignore_ament_install']
[0.408s] Level 1:colcon.colcon_core.package_identification:_identify(ROS2 Programming/5. ROS2 Service) by extension 'ignore'
[0.408s] Level 1:colcon.colcon_core.package_identification:_identify(ROS2 Programming/5. ROS2 Service) by extension 'ignore_ament_install'
[0.408s] Level 1:colcon.colcon_core.package_identification:_identify(ROS2 Programming/5. ROS2 Service) by extensions ['colcon_pkg']
[0.408s] Level 1:colcon.colcon_core.package_identification:_identify(ROS2 Programming/5. ROS2 Service) by extension 'colcon_pkg'
[0.408s] Level 1:colcon.colcon_core.package_identification:_identify(ROS2 Programming/5. ROS2 Service) by extensions ['colcon_meta']
[0.408s] Level 1:colcon.colcon_core.package_identification:_identify(ROS2 Programming/5. ROS2 Service) by extension 'colcon_meta'
[0.409s] Level 1:colcon.colcon_core.package_identification:_identify(ROS2 Programming/5. ROS2 Service) by extensions ['ros']
[0.409s] Level 1:colcon.colcon_core.package_identification:_identify(ROS2 Programming/5. ROS2 Service) by extension 'ros'
[0.409s] Level 1:colcon.colcon_core.package_identification:_identify(ROS2 Programming/5. ROS2 Service) by extensions ['cmake', 'python']
[0.409s] Level 1:colcon.colcon_core.package_identification:_identify(ROS2 Programming/5. ROS2 Service) by extension 'cmake'
[0.409s] Level 1:colcon.colcon_core.package_identification:_identify(ROS2 Programming/5. ROS2 Service) by extension 'python'
[0.409s] Level 1:colcon.colcon_core.package_identification:_identify(ROS2 Programming/5. ROS2 Service) by extensions ['python_setup_py']
[0.409s] Level 1:colcon.colcon_core.package_identification:_identify(ROS2 Programming/5. ROS2 Service) by extension 'python_setup_py'
[0.409s] Level 1:colcon.colcon_core.package_identification:_identify(ROS2 Programming/6. Python Class) by extensions ['ignore', 'ignore_ament_install']
[0.409s] Level 1:colcon.colcon_core.package_identification:_identify(ROS2 Programming/6. Python Class) by extension 'ignore'
[0.410s] Level 1:colcon.colcon_core.package_identification:_identify(ROS2 Programming/6. Python Class) by extension 'ignore_ament_install'
[0.410s] Level 1:colcon.colcon_core.package_identification:_identify(ROS2 Programming/6. Python Class) by extensions ['colcon_pkg']
[0.410s] Level 1:colcon.colcon_core.package_identification:_identify(ROS2 Programming/6. Python Class) by extension 'colcon_pkg'
[0.410s] Level 1:colcon.colcon_core.package_identification:_identify(ROS2 Programming/6. Python Class) by extensions ['colcon_meta']
[0.410s] Level 1:colcon.colcon_core.package_identification:_identify(ROS2 Programming/6. Python Class) by extension 'colcon_meta'
[0.410s] Level 1:colcon.colcon_core.package_identification:_identify(ROS2 Programming/6. Python Class) by extensions ['ros']
[0.410s] Level 1:colcon.colcon_core.package_identification:_identify(ROS2 Programming/6. Python Class) by extension 'ros'
[0.410s] Level 1:colcon.colcon_core.package_identification:_identify(ROS2 Programming/6. Python Class) by extensions ['cmake', 'python']
[0.410s] Level 1:colcon.colcon_core.package_identification:_identify(ROS2 Programming/6. Python Class) by extension 'cmake'
[0.410s] Level 1:colcon.colcon_core.package_identification:_identify(ROS2 Programming/6. Python Class) by extension 'python'
[0.410s] Level 1:colcon.colcon_core.package_identification:_identify(ROS2 Programming/6. Python Class) by extensions ['python_setup_py']
[0.410s] Level 1:colcon.colcon_core.package_identification:_identify(ROS2 Programming/6. Python Class) by extension 'python_setup_py'
[0.411s] Level 1:colcon.colcon_core.package_identification:_identify(ROS2 Programming/7. Make package) by extensions ['ignore', 'ignore_ament_install']
[0.411s] Level 1:colcon.colcon_core.package_identification:_identify(ROS2 Programming/7. Make package) by extension 'ignore'
[0.411s] Level 1:colcon.colcon_core.package_identification:_identify(ROS2 Programming/7. Make package) by extension 'ignore_ament_install'
[0.411s] Level 1:colcon.colcon_core.package_identification:_identify(ROS2 Programming/7. Make package) by extensions ['colcon_pkg']
[0.411s] Level 1:colcon.colcon_core.package_identification:_identify(ROS2 Programming/7. Make package) by extension 'colcon_pkg'
[0.412s] Level 1:colcon.colcon_core.package_identification:_identify(ROS2 Programming/7. Make package) by extensions ['colcon_meta']
[0.412s] Level 1:colcon.colcon_core.package_identification:_identify(ROS2 Programming/7. Make package) by extension 'colcon_meta'
[0.412s] Level 1:colcon.colcon_core.package_identification:_identify(ROS2 Programming/7. Make package) by extensions ['ros']
[0.412s] Level 1:colcon.colcon_core.package_identification:_identify(ROS2 Programming/7. Make package) by extension 'ros'
[0.412s] Level 1:colcon.colcon_core.package_identification:_identify(ROS2 Programming/7. Make package) by extensions ['cmake', 'python']
[0.412s] Level 1:colcon.colcon_core.package_identification:_identify(ROS2 Programming/7. Make package) by extension 'cmake'
[0.412s] Level 1:colcon.colcon_core.package_identification:_identify(ROS2 Programming/7. Make package) by extension 'python'
[0.412s] Level 1:colcon.colcon_core.package_identification:_identify(ROS2 Programming/7. Make package) by extensions ['python_setup_py']
[0.412s] Level 1:colcon.colcon_core.package_identification:_identify(ROS2 Programming/7. Make package) by extension 'python_setup_py'
[0.412s] Level 1:colcon.colcon_core.package_identification:_identify(build) by extensions ['ignore', 'ignore_ament_install']
[0.413s] Level 1:colcon.colcon_core.package_identification:_identify(build) by extension 'ignore'
[0.413s] Level 1:colcon.colcon_core.package_identification:_identify(build) ignored
[0.413s] Level 1:colcon.colcon_core.package_identification:_identify(install) by extensions ['ignore', 'ignore_ament_install']
[0.413s] Level 1:colcon.colcon_core.package_identification:_identify(install) by extension 'ignore'
[0.413s] Level 1:colcon.colcon_core.package_identification:_identify(install) ignored
[0.413s] Level 1:colcon.colcon_core.package_identification:_identify(log) by extensions ['ignore', 'ignore_ament_install']
[0.414s] Level 1:colcon.colcon_core.package_identification:_identify(log) by extension 'ignore'
[0.414s] Level 1:colcon.colcon_core.package_identification:_identify(log) ignored
[0.414s] Level 1:colcon.colcon_core.package_identification:_identify(src) by extensions ['ignore', 'ignore_ament_install']
[0.414s] Level 1:colcon.colcon_core.package_identification:_identify(src) by extension 'ignore'
[0.414s] Level 1:colcon.colcon_core.package_identification:_identify(src) by extension 'ignore_ament_install'
[0.414s] Level 1:colcon.colcon_core.package_identification:_identify(src) by extensions ['colcon_pkg']
[0.414s] Level 1:colcon.colcon_core.package_identification:_identify(src) by extension 'colcon_pkg'
[0.414s] Level 1:colcon.colcon_core.package_identification:_identify(src) by extensions ['colcon_meta']
[0.414s] Level 1:colcon.colcon_core.package_identification:_identify(src) by extension 'colcon_meta'
[0.414s] Level 1:colcon.colcon_core.package_identification:_identify(src) by extensions ['ros']
[0.414s] Level 1:colcon.colcon_core.package_identification:_identify(src) by extension 'ros'
[0.414s] Level 1:colcon.colcon_core.package_identification:_identify(src) by extensions ['cmake', 'python']
[0.414s] Level 1:colcon.colcon_core.package_identification:_identify(src) by extension 'cmake'
[0.415s] Level 1:colcon.colcon_core.package_identification:_identify(src) by extension 'python'
[0.415s] Level 1:colcon.colcon_core.package_identification:_identify(src) by extensions ['python_setup_py']
[0.415s] Level 1:colcon.colcon_core.package_identification:_identify(src) by extension 'python_setup_py'
[0.415s] Level 1:colcon.colcon_core.package_identification:_identify(src/msg_srv_action_interface_example) by extensions ['ignore', 'ignore_ament_install']
[0.415s] Level 1:colcon.colcon_core.package_identification:_identify(src/msg_srv_action_interface_example) by extension 'ignore'
[0.416s] Level 1:colcon.colcon_core.package_identification:_identify(src/msg_srv_action_interface_example) by extension 'ignore_ament_install'
[0.416s] Level 1:colcon.colcon_core.package_identification:_identify(src/msg_srv_action_interface_example) by extensions ['colcon_pkg']
[0.416s] Level 1:colcon.colcon_core.package_identification:_identify(src/msg_srv_action_interface_example) by extension 'colcon_pkg'
[0.416s] Level 1:colcon.colcon_core.package_identification:_identify(src/msg_srv_action_interface_example) by extensions ['colcon_meta']
[0.416s] Level 1:colcon.colcon_core.package_identification:_identify(src/msg_srv_action_interface_example) by extension 'colcon_meta'
[0.416s] Level 1:colcon.colcon_core.package_identification:_identify(src/msg_srv_action_interface_example) by extensions ['ros']
[0.416s] Level 1:colcon.colcon_core.package_identification:_identify(src/msg_srv_action_interface_example) by extension 'ros'
[0.419s] DEBUG:colcon.colcon_core.package_identification:Package 'src/msg_srv_action_interface_example' with type 'ros.ament_cmake' and name 'msg_srv_action_interface_example'
[0.419s] Level 1:colcon.colcon_core.package_identification:_identify(src/my_first_ros_rclcpp_pkg) by extensions ['ignore', 'ignore_ament_install']
[0.420s] Level 1:colcon.colcon_core.package_identification:_identify(src/my_first_ros_rclcpp_pkg) by extension 'ignore'
[0.420s] Level 1:colcon.colcon_core.package_identification:_identify(src/my_first_ros_rclcpp_pkg) by extension 'ignore_ament_install'
[0.420s] Level 1:colcon.colcon_core.package_identification:_identify(src/my_first_ros_rclcpp_pkg) by extensions ['colcon_pkg']
[0.420s] Level 1:colcon.colcon_core.package_identification:_identify(src/my_first_ros_rclcpp_pkg) by extension 'colcon_pkg'
[0.420s] Level 1:colcon.colcon_core.package_identification:_identify(src/my_first_ros_rclcpp_pkg) by extensions ['colcon_meta']
[0.420s] Level 1:colcon.colcon_core.package_identification:_identify(src/my_first_ros_rclcpp_pkg) by extension 'colcon_meta'
[0.420s] Level 1:colcon.colcon_core.package_identification:_identify(src/my_first_ros_rclcpp_pkg) by extensions ['ros']
[0.420s] Level 1:colcon.colcon_core.package_identification:_identify(src/my_first_ros_rclcpp_pkg) by extension 'ros'
[0.421s] DEBUG:colcon.colcon_core.package_identification:Package 'src/my_first_ros_rclcpp_pkg' with type 'ros.ament_cmake' and name 'my_first_ros_rclcpp_pkg'
[0.421s] Level 1:colcon.colcon_core.package_identification:_identify(src/my_first_ros_rclpy_pkg) by extensions ['ignore', 'ignore_ament_install']
[0.421s] Level 1:colcon.colcon_core.package_identification:_identify(src/my_first_ros_rclpy_pkg) by extension 'ignore'
[0.421s] Level 1:colcon.colcon_core.package_identification:_identify(src/my_first_ros_rclpy_pkg) by extension 'ignore_ament_install'
[0.422s] Level 1:colcon.colcon_core.package_identification:_identify(src/my_first_ros_rclpy_pkg) by extensions ['colcon_pkg']
[0.422s] Level 1:colcon.colcon_core.package_identification:_identify(src/my_first_ros_rclpy_pkg) by extension 'colcon_pkg'
[0.422s] Level 1:colcon.colcon_core.package_identification:_identify(src/my_first_ros_rclpy_pkg) by extensions ['colcon_meta']
[0.422s] Level 1:colcon.colcon_core.package_identification:_identify(src/my_first_ros_rclpy_pkg) by extension 'colcon_meta'
[0.422s] Level 1:colcon.colcon_core.package_identification:_identify(src/my_first_ros_rclpy_pkg) by extensions ['ros']
[0.422s] Level 1:colcon.colcon_core.package_identification:_identify(src/my_first_ros_rclpy_pkg) by extension 'ros'
[0.423s] DEBUG:colcon.colcon_core.package_identification:Package 'src/my_first_ros_rclpy_pkg' with type 'ros.ament_python' and name 'my_first_ros_rclpy_pkg'
[0.423s] Level 1:colcon.colcon_core.package_discovery:discover_packages(recursive) using defaults
[0.423s] Level 1:colcon.colcon_core.package_discovery:discover_packages(ignore) discover
[0.423s] Level 1:colcon.colcon_core.package_discovery:discover_packages(ignore) using defaults
[0.423s] Level 1:colcon.colcon_core.package_discovery:discover_packages(path) discover
[0.423s] Level 1:colcon.colcon_core.package_discovery:discover_packages(path) using defaults
[0.443s] INFO:colcon.colcon_core.package_selection:Skipping not selected package 'my_first_ros_rclcpp_pkg' in 'src/my_first_ros_rclcpp_pkg'
[0.443s] INFO:colcon.colcon_core.package_selection:Skipping not selected package 'my_first_ros_rclpy_pkg' in 'src/my_first_ros_rclpy_pkg'
[0.444s] Level 1:colcon.colcon_core.package_discovery:discover_packages(prefix_path) check parameters
[0.444s] Level 1:colcon.colcon_core.package_discovery:discover_packages(prefix_path) discover
[0.446s] DEBUG:colcon.colcon_installed_package_information.package_discovery:Found 3 installed packages in /home/jungseong/robot_ws/install
[0.447s] DEBUG:colcon.colcon_installed_package_information.package_discovery:Found 300 installed packages in /opt/ros/humble
[0.450s] Level 1:colcon.colcon_core.package_discovery:discover_packages(prefix_path) using defaults
[0.501s] Level 5:colcon.colcon_core.verb:set package 'msg_srv_action_interface_example' build argument 'cmake_args' from command line to 'None'
[0.501s] Level 5:colcon.colcon_core.verb:set package 'msg_srv_action_interface_example' build argument 'cmake_target' from command line to 'None'
[0.501s] Level 5:colcon.colcon_core.verb:set package 'msg_srv_action_interface_example' build argument 'cmake_target_skip_unavailable' from command line to 'False'
[0.501s] Level 5:colcon.colcon_core.verb:set package 'msg_srv_action_interface_example' build argument 'cmake_clean_cache' from command line to 'False'
[0.501s] Level 5:colcon.colcon_core.verb:set package 'msg_srv_action_interface_example' build argument 'cmake_clean_first' from command line to 'False'
[0.501s] Level 5:colcon.colcon_core.verb:set package 'msg_srv_action_interface_example' build argument 'cmake_force_configure' from command line to 'False'
[0.501s] Level 5:colcon.colcon_core.verb:set package 'msg_srv_action_interface_example' build argument 'ament_cmake_args' from command line to 'None'
[0.501s] Level 5:colcon.colcon_core.verb:set package 'msg_srv_action_interface_example' build argument 'catkin_cmake_args' from command line to 'None'
[0.501s] Level 5:colcon.colcon_core.verb:set package 'msg_srv_action_interface_example' build argument 'catkin_skip_building_tests' from command line to 'False'
[0.501s] DEBUG:colcon.colcon_core.verb:Building package 'msg_srv_action_interface_example' with the following arguments: {'ament_cmake_args': None, 'build_base': '/home/jungseong/robot_ws/build/msg_srv_action_interface_example', 'catkin_cmake_args': None, 'catkin_skip_building_tests': False, 'cmake_args': None, 'cmake_clean_cache': False, 'cmake_clean_first': False, 'cmake_force_configure': False, 'cmake_target': None, 'cmake_target_skip_unavailable': False, 'install_base': '/home/jungseong/robot_ws/install/msg_srv_action_interface_example', 'merge_install': False, 'path': '/home/jungseong/robot_ws/src/msg_srv_action_interface_example', 'symlink_install': False, 'test_result_base': None}
[0.501s] INFO:colcon.colcon_core.executor:Executing jobs using 'parallel' executor
[0.503s] DEBUG:colcon.colcon_parallel_executor.executor.parallel:run_until_complete
[0.503s] INFO:colcon.colcon_ros.task.ament_cmake.build:Building ROS package in '/home/jungseong/robot_ws/src/msg_srv_action_interface_example' with build type 'ament_cmake'
[0.504s] INFO:colcon.colcon_cmake.task.cmake.build:Building CMake package in '/home/jungseong/robot_ws/src/msg_srv_action_interface_example'
[0.508s] INFO:colcon.colcon_core.plugin_system:Skipping extension 'colcon_core.shell.bat': Not used on non-Windows systems
[0.508s] INFO:colcon.colcon_core.shell:Skip shell extension 'powershell' for command environment: Not usable outside of PowerShell
[0.508s] DEBUG:colcon.colcon_core.shell:Skip shell extension 'dsv' for command environment
[0.527s] DEBUG:colcon.colcon_core.event_handler.log_command:Invoking command in '/home/jungseong/robot_ws/build/msg_srv_action_interface_example': CMAKE_PREFIX_PATH=${CMAKE_PREFIX_PATH}:/home/jungseong/robot_ws/install/my_first_ros_rclpy_pkg:/opt/ros/humble /usr/bin/cmake --build /home/jungseong/robot_ws/build/msg_srv_action_interface_example -- -j12 -l12
[2.571s] DEBUG:colcon.colcon_core.event_handler.log_command:Invoked command in '/home/jungseong/robot_ws/build/msg_srv_action_interface_example' returned '0': CMAKE_PREFIX_PATH=${CMAKE_PREFIX_PATH}:/home/jungseong/robot_ws/install/my_first_ros_rclpy_pkg:/opt/ros/humble /usr/bin/cmake --build /home/jungseong/robot_ws/build/msg_srv_action_interface_example -- -j12 -l12
[2.584s] DEBUG:colcon.colcon_core.event_handler.log_command:Invoking command in '/home/jungseong/robot_ws/build/msg_srv_action_interface_example': CMAKE_PREFIX_PATH=${CMAKE_PREFIX_PATH}:/home/jungseong/robot_ws/install/my_first_ros_rclpy_pkg:/opt/ros/humble /usr/bin/cmake --install /home/jungseong/robot_ws/build/msg_srv_action_interface_example
[2.687s] Level 1:colcon.colcon_core.environment:create_environment_scripts_only(msg_srv_action_interface_example)
[2.687s] DEBUG:colcon.colcon_core.event_handler.log_command:Invoked command in '/home/jungseong/robot_ws/build/msg_srv_action_interface_example' returned '0': CMAKE_PREFIX_PATH=${CMAKE_PREFIX_PATH}:/home/jungseong/robot_ws/install/my_first_ros_rclpy_pkg:/opt/ros/humble /usr/bin/cmake --install /home/jungseong/robot_ws/build/msg_srv_action_interface_example
[2.692s] Level 1:colcon.colcon_core.environment:checking '/home/jungseong/robot_ws/install/msg_srv_action_interface_example' for CMake module files
[2.693s] Level 1:colcon.colcon_core.environment:checking '/home/jungseong/robot_ws/install/msg_srv_action_interface_example' for CMake config files
[2.693s] Level 1:colcon.colcon_core.shell:create_environment_hook('msg_srv_action_interface_example', 'cmake_prefix_path')
[2.694s] INFO:colcon.colcon_core.shell:Creating environment hook '/home/jungseong/robot_ws/install/msg_srv_action_interface_example/share/msg_srv_action_interface_example/hook/cmake_prefix_path.ps1'
[2.694s] INFO:colcon.colcon_core.shell:Creating environment descriptor '/home/jungseong/robot_ws/install/msg_srv_action_interface_example/share/msg_srv_action_interface_example/hook/cmake_prefix_path.dsv'
[2.697s] INFO:colcon.colcon_core.shell:Creating environment hook '/home/jungseong/robot_ws/install/msg_srv_action_interface_example/share/msg_srv_action_interface_example/hook/cmake_prefix_path.sh'
[2.699s] Level 1:colcon.colcon_core.environment:checking '/home/jungseong/robot_ws/install/msg_srv_action_interface_example/lib'
[2.699s] Level 1:colcon.colcon_core.shell:create_environment_hook('msg_srv_action_interface_example', 'ld_library_path_lib')
[2.699s] INFO:colcon.colcon_core.shell:Creating environment hook '/home/jungseong/robot_ws/install/msg_srv_action_interface_example/share/msg_srv_action_interface_example/hook/ld_library_path_lib.ps1'
[2.700s] INFO:colcon.colcon_core.shell:Creating environment descriptor '/home/jungseong/robot_ws/install/msg_srv_action_interface_example/share/msg_srv_action_interface_example/hook/ld_library_path_lib.dsv'
[2.702s] INFO:colcon.colcon_core.shell:Creating environment hook '/home/jungseong/robot_ws/install/msg_srv_action_interface_example/share/msg_srv_action_interface_example/hook/ld_library_path_lib.sh'
[2.702s] Level 1:colcon.colcon_core.environment:checking '/home/jungseong/robot_ws/install/msg_srv_action_interface_example/bin'
[2.702s] Level 1:colcon.colcon_core.environment:checking '/home/jungseong/robot_ws/install/msg_srv_action_interface_example/lib/pkgconfig/msg_srv_action_interface_example.pc'
[2.703s] Level 1:colcon.colcon_core.environment:checking '/home/jungseong/robot_ws/install/msg_srv_action_interface_example/lib/python3.10/site-packages'
[2.703s] Level 1:colcon.colcon_core.environment:checking '/home/jungseong/robot_ws/install/msg_srv_action_interface_example/bin'
[2.704s] INFO:colcon.colcon_core.shell:Creating package script '/home/jungseong/robot_ws/install/msg_srv_action_interface_example/share/msg_srv_action_interface_example/package.ps1'
[2.705s] INFO:colcon.colcon_core.shell:Creating package descriptor '/home/jungseong/robot_ws/install/msg_srv_action_interface_example/share/msg_srv_action_interface_example/package.dsv'
[2.706s] INFO:colcon.colcon_core.shell:Creating package script '/home/jungseong/robot_ws/install/msg_srv_action_interface_example/share/msg_srv_action_interface_example/package.sh'
[2.707s] INFO:colcon.colcon_core.shell:Creating package script '/home/jungseong/robot_ws/install/msg_srv_action_interface_example/share/msg_srv_action_interface_example/package.bash'
[2.709s] INFO:colcon.colcon_core.shell:Creating package script '/home/jungseong/robot_ws/install/msg_srv_action_interface_example/share/msg_srv_action_interface_example/package.zsh'
[2.711s] Level 1:colcon.colcon_core.environment:create_file_with_runtime_dependencies(/home/jungseong/robot_ws/install/msg_srv_action_interface_example/share/colcon-core/packages/msg_srv_action_interface_example)
[2.713s] Level 1:colcon.colcon_core.environment:create_environment_scripts_only(msg_srv_action_interface_example)
[2.713s] Level 1:colcon.colcon_core.environment:checking '/home/jungseong/robot_ws/install/msg_srv_action_interface_example' for CMake module files
[2.714s] Level 1:colcon.colcon_core.environment:checking '/home/jungseong/robot_ws/install/msg_srv_action_interface_example' for CMake config files
[2.714s] Level 1:colcon.colcon_core.shell:create_environment_hook('msg_srv_action_interface_example', 'cmake_prefix_path')
[2.714s] INFO:colcon.colcon_core.shell:Creating environment hook '/home/jungseong/robot_ws/install/msg_srv_action_interface_example/share/msg_srv_action_interface_example/hook/cmake_prefix_path.ps1'
[2.715s] INFO:colcon.colcon_core.shell:Creating environment descriptor '/home/jungseong/robot_ws/install/msg_srv_action_interface_example/share/msg_srv_action_interface_example/hook/cmake_prefix_path.dsv'
[2.717s] INFO:colcon.colcon_core.shell:Creating environment hook '/home/jungseong/robot_ws/install/msg_srv_action_interface_example/share/msg_srv_action_interface_example/hook/cmake_prefix_path.sh'
[2.718s] Level 1:colcon.colcon_core.environment:checking '/home/jungseong/robot_ws/install/msg_srv_action_interface_example/lib'
[2.718s] Level 1:colcon.colcon_core.shell:create_environment_hook('msg_srv_action_interface_example', 'ld_library_path_lib')
[2.718s] INFO:colcon.colcon_core.shell:Creating environment hook '/home/jungseong/robot_ws/install/msg_srv_action_interface_example/share/msg_srv_action_interface_example/hook/ld_library_path_lib.ps1'
[2.718s] INFO:colcon.colcon_core.shell:Creating environment descriptor '/home/jungseong/robot_ws/install/msg_srv_action_interface_example/share/msg_srv_action_interface_example/hook/ld_library_path_lib.dsv'
[2.720s] INFO:colcon.colcon_core.shell:Creating environment hook '/home/jungseong/robot_ws/install/msg_srv_action_interface_example/share/msg_srv_action_interface_example/hook/ld_library_path_lib.sh'
[2.721s] Level 1:colcon.colcon_core.environment:checking '/home/jungseong/robot_ws/install/msg_srv_action_interface_example/bin'
[2.721s] Level 1:colcon.colcon_core.environment:checking '/home/jungseong/robot_ws/install/msg_srv_action_interface_example/lib/pkgconfig/msg_srv_action_interface_example.pc'
[2.721s] Level 1:colcon.colcon_core.environment:checking '/home/jungseong/robot_ws/install/msg_srv_action_interface_example/lib/python3.10/site-packages'
[2.721s] Level 1:colcon.colcon_core.environment:checking '/home/jungseong/robot_ws/install/msg_srv_action_interface_example/bin'
[2.722s] INFO:colcon.colcon_core.shell:Creating package script '/home/jungseong/robot_ws/install/msg_srv_action_interface_example/share/msg_srv_action_interface_example/package.ps1'
[2.724s] INFO:colcon.colcon_core.shell:Creating package descriptor '/home/jungseong/robot_ws/install/msg_srv_action_interface_example/share/msg_srv_action_interface_example/package.dsv'
[2.724s] INFO:colcon.colcon_core.shell:Creating package script '/home/jungseong/robot_ws/install/msg_srv_action_interface_example/share/msg_srv_action_interface_example/package.sh'
[2.725s] INFO:colcon.colcon_core.shell:Creating package script '/home/jungseong/robot_ws/install/msg_srv_action_interface_example/share/msg_srv_action_interface_example/package.bash'
[2.726s] INFO:colcon.colcon_core.shell:Creating package script '/home/jungseong/robot_ws/install/msg_srv_action_interface_example/share/msg_srv_action_interface_example/package.zsh'
[2.728s] Level 1:colcon.colcon_core.environment:create_file_with_runtime_dependencies(/home/jungseong/robot_ws/install/msg_srv_action_interface_example/share/colcon-core/packages/msg_srv_action_interface_example)
[2.729s] DEBUG:colcon.colcon_parallel_executor.executor.parallel:closing loop
[2.730s] DEBUG:colcon.colcon_parallel_executor.executor.parallel:loop closed
[2.730s] DEBUG:colcon.colcon_parallel_executor.executor.parallel:run_until_complete finished with '0'
[2.731s] DEBUG:colcon.colcon_core.event_reactor:joining thread
[2.740s] INFO:colcon.colcon_core.plugin_system:Skipping extension 'colcon_notification.desktop_notification.terminal_notifier': Not used on non-Darwin systems
[2.740s] INFO:colcon.colcon_core.plugin_system:Skipping extension 'colcon_notification.desktop_notification.win32': Not used on non-Windows systems
[2.740s] INFO:colcon.colcon_notification.desktop_notification:Sending desktop notification using 'notify2'
[2.777s] DEBUG:colcon.colcon_core.event_reactor:joined thread
[2.777s] INFO:colcon.colcon_core.shell:Creating prefix script '/home/jungseong/robot_ws/install/local_setup.ps1'
[2.778s] INFO:colcon.colcon_core.shell:Creating prefix util module '/home/jungseong/robot_ws/install/_local_setup_util_ps1.py'
[2.781s] INFO:colcon.colcon_core.shell:Creating prefix chain script '/home/jungseong/robot_ws/install/setup.ps1'
[2.784s] INFO:colcon.colcon_core.shell:Creating prefix script '/home/jungseong/robot_ws/install/local_setup.sh'
[2.785s] INFO:colcon.colcon_core.shell:Creating prefix util module '/home/jungseong/robot_ws/install/_local_setup_util_sh.py'
[2.785s] INFO:colcon.colcon_core.shell:Creating prefix chain script '/home/jungseong/robot_ws/install/setup.sh'
[2.788s] INFO:colcon.colcon_core.shell:Creating prefix script '/home/jungseong/robot_ws/install/local_setup.bash'
[2.789s] INFO:colcon.colcon_core.shell:Creating prefix chain script '/home/jungseong/robot_ws/install/setup.bash'
[2.791s] INFO:colcon.colcon_core.shell:Creating prefix script '/home/jungseong/robot_ws/install/local_setup.zsh'
[2.792s] INFO:colcon.colcon_core.shell:Creating prefix chain script '/home/jungseong/robot_ws/install/setup.zsh'
