[0.995s] Invoking command in '/home/jungseong/robot_ws/src/topic_service_action_rclpy_example': AMENT_PREFIX_PATH=/home/jungseong/robot_ws/install/msg_srv_action_interface_example:${AMENT_PREFIX_PATH} CMAKE_PREFIX_PATH=/home/jungseong/robot_ws/install/msg_srv_action_interface_example:${CMAKE_PREFIX_PATH} LD_LIBRARY_PATH=/home/jungseong/robot_ws/install/msg_srv_action_interface_example/lib:${LD_LIBRARY_PATH} PYTHONPATH=/home/jungseong/robot_ws/build/topic_service_action_rclpy_example/prefix_override:/usr/lib/python3/dist-packages/colcon_core/task/python/colcon_distutils_commands:/home/jungseong/robot_ws/install/topic_service_action_rclpy_example/lib/python3.10/site-packages:${PYTHONPATH} /usr/bin/python3 -W ignore:setup.py install is deprecated -W ignore:easy_install command is deprecated setup.py egg_info --egg-base ../../build/topic_service_action_rclpy_example build --build-base /home/jungseong/robot_ws/build/topic_service_action_rclpy_example/build install --record /home/jungseong/robot_ws/build/topic_service_action_rclpy_example/install.log --single-version-externally-managed install_data
[1.333s] running egg_info
[1.335s] creating ../../build/topic_service_action_rclpy_example/topic_service_action_rclpy_example.egg-info
[1.336s] writing ../../build/topic_service_action_rclpy_example/topic_service_action_rclpy_example.egg-info/PKG-INFO
[1.337s] writing dependency_links to ../../build/topic_service_action_rclpy_example/topic_service_action_rclpy_example.egg-info/dependency_links.txt
[1.337s] writing entry points to ../../build/topic_service_action_rclpy_example/topic_service_action_rclpy_example.egg-info/entry_points.txt
[1.337s] writing requirements to ../../build/topic_service_action_rclpy_example/topic_service_action_rclpy_example.egg-info/requires.txt
[1.337s] writing top-level names to ../../build/topic_service_action_rclpy_example/topic_service_action_rclpy_example.egg-info/top_level.txt
[1.338s] writing manifest file '../../build/topic_service_action_rclpy_example/topic_service_action_rclpy_example.egg-info/SOURCES.txt'
[1.338s] reading manifest file '../../build/topic_service_action_rclpy_example/topic_service_action_rclpy_example.egg-info/SOURCES.txt'
[1.341s] writing manifest file '../../build/topic_service_action_rclpy_example/topic_service_action_rclpy_example.egg-info/SOURCES.txt'
[1.344s] running build
[1.344s] running build_py
[1.345s] creating /home/jungseong/robot_ws/build/topic_service_action_rclpy_example/build
[1.345s] creating /home/jungseong/robot_ws/build/topic_service_action_rclpy_example/build/lib
[1.345s] creating /home/jungseong/robot_ws/build/topic_service_action_rclpy_example/build/lib/topic_service_action_rclpy_example
[1.346s] copying topic_service_action_rclpy_example/__init__.py -> /home/jungseong/robot_ws/build/topic_service_action_rclpy_example/build/lib/topic_service_action_rclpy_example
[1.346s] running install
[1.347s] running install_lib
[1.348s] creating /home/jungseong/robot_ws/install/topic_service_action_rclpy_example/lib/python3.10/site-packages/topic_service_action_rclpy_example
[1.348s] copying /home/jungseong/robot_ws/build/topic_service_action_rclpy_example/build/lib/topic_service_action_rclpy_example/__init__.py -> /home/jungseong/robot_ws/install/topic_service_action_rclpy_example/lib/python3.10/site-packages/topic_service_action_rclpy_example
[1.349s] byte-compiling /home/jungseong/robot_ws/install/topic_service_action_rclpy_example/lib/python3.10/site-packages/topic_service_action_rclpy_example/__init__.py to __init__.cpython-310.pyc
[1.350s] running install_data
[1.350s] creating /home/jungseong/robot_ws/install/topic_service_action_rclpy_example/share/ament_index
[1.351s] creating /home/jungseong/robot_ws/install/topic_service_action_rclpy_example/share/ament_index/resource_index
[1.352s] creating /home/jungseong/robot_ws/install/topic_service_action_rclpy_example/share/ament_index/resource_index/packages
[1.353s] copying resource/topic_service_action_rclpy_example -> /home/jungseong/robot_ws/install/topic_service_action_rclpy_example/share/ament_index/resource_index/packages
[1.353s] copying package.xml -> /home/jungseong/robot_ws/install/topic_service_action_rclpy_example/share/topic_service_action_rclpy_example
[1.353s] creating /home/jungseong/robot_ws/install/topic_service_action_rclpy_example/share/topic_service_action_rclpy_example/launch
[1.353s] creating /home/jungseong/robot_ws/install/topic_service_action_rclpy_example/share/topic_service_action_rclpy_example/param
[1.354s] running install_egg_info
[1.354s] Copying ../../build/topic_service_action_rclpy_example/topic_service_action_rclpy_example.egg-info to /home/jungseong/robot_ws/install/topic_service_action_rclpy_example/lib/python3.10/site-packages/topic_service_action_rclpy_example-0.0.0-py3.10.egg-info
[1.354s] running install_scripts
[1.384s] Installing argument script to /home/jungseong/robot_ws/install/topic_service_action_rclpy_example/lib/topic_service_action_rclpy_example
[1.384s] Installing calculator script to /home/jungseong/robot_ws/install/topic_service_action_rclpy_example/lib/topic_service_action_rclpy_example
[1.384s] Installing checker script to /home/jungseong/robot_ws/install/topic_service_action_rclpy_example/lib/topic_service_action_rclpy_example
[1.384s] Installing operator script to /home/jungseong/robot_ws/install/topic_service_action_rclpy_example/lib/topic_service_action_rclpy_example
[1.385s] writing list of installed files to '/home/jungseong/robot_ws/build/topic_service_action_rclpy_example/install.log'
[1.414s] Invoked command in '/home/jungseong/robot_ws/src/topic_service_action_rclpy_example' returned '0': AMENT_PREFIX_PATH=/home/jungseong/robot_ws/install/msg_srv_action_interface_example:${AMENT_PREFIX_PATH} CMAKE_PREFIX_PATH=/home/jungseong/robot_ws/install/msg_srv_action_interface_example:${CMAKE_PREFIX_PATH} LD_LIBRARY_PATH=/home/jungseong/robot_ws/install/msg_srv_action_interface_example/lib:${LD_LIBRARY_PATH} PYTHONPATH=/home/jungseong/robot_ws/build/topic_service_action_rclpy_example/prefix_override:/usr/lib/python3/dist-packages/colcon_core/task/python/colcon_distutils_commands:/home/jungseong/robot_ws/install/topic_service_action_rclpy_example/lib/python3.10/site-packages:${PYTHONPATH} /usr/bin/python3 -W ignore:setup.py install is deprecated -W ignore:easy_install command is deprecated setup.py egg_info --egg-base ../../build/topic_service_action_rclpy_example build --build-base /home/jungseong/robot_ws/build/topic_service_action_rclpy_example/build install --record /home/jungseong/robot_ws/build/topic_service_action_rclpy_example/install.log --single-version-externally-managed install_data
