[0.033s] Invoking command in '/home/jungseong/robot_ws/build/msg_srv_action_interface_example': CMAKE_PREFIX_PATH=${CMAKE_PREFIX_PATH}:/home/jungseong/robot_ws/install/my_first_ros_rclpy_pkg:/opt/ros/humble /usr/bin/cmake /home/jungseong/robot_ws/src/msg_srv_action_interface_example -DCMAKE_INSTALL_PREFIX=/home/jungseong/robot_ws/install/msg_srv_action_interface_example
[0.230s] -- The C compiler identification is GNU 11.4.0
[0.432s] -- The CXX compiler identification is GNU 11.4.0
[0.454s] -- Detecting C compiler ABI info
[0.571s] -- Detecting C compiler ABI info - done
[0.588s] -- Check for working C compiler: /usr/bin/cc - skipped
[0.590s] -- Detecting C compile features
[0.591s] -- Detecting C compile features - done
[0.601s] -- Detecting CXX compiler ABI info
[0.718s] -- Detecting CXX compiler ABI info - done
[0.734s] -- Check for working CXX compiler: /usr/bin/c++ - skipped
[0.734s] -- Detecting CXX compile features
[0.735s] -- Detecting CXX compile features - done
[0.750s] -- Found ament_cmake: 1.3.11 (/opt/ros/humble/share/ament_cmake/cmake)
[0.983s] -- Found Python3: /usr/bin/python3 (found version "3.10.12") found components: Interpreter 
[1.176s] -- Found builtin_interfaces: 1.2.1 (/opt/ros/humble/share/builtin_interfaces/cmake)
[1.263s] -- Found rosidl_generator_c: 3.1.6 (/opt/ros/humble/share/rosidl_generator_c/cmake)
[1.277s] -- Found rosidl_adapter: 3.1.6 (/opt/ros/humble/share/rosidl_adapter/cmake)
[1.299s] -- Found rosidl_generator_cpp: 3.1.6 (/opt/ros/humble/share/rosidl_generator_cpp/cmake)
[1.333s] -- Using all available rosidl_typesupport_c: rosidl_typesupport_fastrtps_c;rosidl_typesupport_introspection_c
[1.376s] -- Using all available rosidl_typesupport_cpp: rosidl_typesupport_fastrtps_cpp;rosidl_typesupport_introspection_cpp
[1.412s] -- Found rosidl_default_generators: 1.2.0 (/opt/ros/humble/share/rosidl_default_generators/cmake)
[1.436s] [31mCMake Error at /opt/ros/humble/share/rosidl_cmake/cmake/rosidl_generate_interfaces.cmake:93 (message):
[1.436s]   rosidl_generate_interfaces() the passed file
[1.436s]   'action/ArithmeticChecker.action' doesn't exist relative to the
[1.436s]   CMAKE_CURRENT_SOURCE_DIR
[1.436s]   '/home/jungseong/robot_ws/src/msg_srv_action_interface_example'
[1.437s] Call Stack (most recent call first):
[1.437s]   CMakeLists.txt:32 (rosidl_generate_interfaces)
[1.437s] 
[1.437s] [0m
[1.437s] -- Configuring incomplete, errors occurred!
[1.437s] See also "/home/jungseong/robot_ws/build/msg_srv_action_interface_example/CMakeFiles/CMakeOutput.log".
[1.444s] Invoked command in '/home/jungseong/robot_ws/build/msg_srv_action_interface_example' returned '1': CMAKE_PREFIX_PATH=${CMAKE_PREFIX_PATH}:/home/jungseong/robot_ws/install/my_first_ros_rclpy_pkg:/opt/ros/humble /usr/bin/cmake /home/jungseong/robot_ws/src/msg_srv_action_interface_example -DCMAKE_INSTALL_PREFIX=/home/jungseong/robot_ws/install/msg_srv_action_interface_example
