[1.141s] Invoking command in '/home/jungseong/robot_ws/src/my_first_ros_rclpy_pkg': PYTHONPATH=/home/jungseong/robot_ws/build/my_first_ros_rclpy_pkg/prefix_override:/usr/lib/python3/dist-packages/colcon_core/task/python/colcon_distutils_commands:/home/jungseong/robot_ws/install/my_first_ros_rclpy_pkg/lib/python3.10/site-packages:${PYTHONPATH} /usr/bin/python3 -W ignore:setup.py install is deprecated -W ignore:easy_install command is deprecated setup.py egg_info --egg-base ../../build/my_first_ros_rclpy_pkg build --build-base /home/jungseong/robot_ws/build/my_first_ros_rclpy_pkg/build install --record /home/jungseong/robot_ws/build/my_first_ros_rclpy_pkg/install.log --single-version-externally-managed install_data
[1.593s] running egg_info
[1.594s] creating ../../build/my_first_ros_rclpy_pkg/my_first_ros_rclpy_pkg.egg-info
[1.594s] writing ../../build/my_first_ros_rclpy_pkg/my_first_ros_rclpy_pkg.egg-info/PKG-INFO
[1.596s] writing dependency_links to ../../build/my_first_ros_rclpy_pkg/my_first_ros_rclpy_pkg.egg-info/dependency_links.txt
[1.596s] writing entry points to ../../build/my_first_ros_rclpy_pkg/my_first_ros_rclpy_pkg.egg-info/entry_points.txt
[1.596s] writing requirements to ../../build/my_first_ros_rclpy_pkg/my_first_ros_rclpy_pkg.egg-info/requires.txt
[1.596s] writing top-level names to ../../build/my_first_ros_rclpy_pkg/my_first_ros_rclpy_pkg.egg-info/top_level.txt
[1.597s] writing manifest file '../../build/my_first_ros_rclpy_pkg/my_first_ros_rclpy_pkg.egg-info/SOURCES.txt'
[1.598s] reading manifest file '../../build/my_first_ros_rclpy_pkg/my_first_ros_rclpy_pkg.egg-info/SOURCES.txt'
[1.600s] writing manifest file '../../build/my_first_ros_rclpy_pkg/my_first_ros_rclpy_pkg.egg-info/SOURCES.txt'
[1.600s] running build
[1.600s] running build_py
[1.601s] creating /home/jungseong/robot_ws/build/my_first_ros_rclpy_pkg/build
[1.601s] creating /home/jungseong/robot_ws/build/my_first_ros_rclpy_pkg/build/lib
[1.601s] creating /home/jungseong/robot_ws/build/my_first_ros_rclpy_pkg/build/lib/my_first_ros_rclpy_pkg
[1.601s] copying my_first_ros_rclpy_pkg/__init__.py -> /home/jungseong/robot_ws/build/my_first_ros_rclpy_pkg/build/lib/my_first_ros_rclpy_pkg
[1.602s] running install
[1.602s] running install_lib
[1.603s] creating /home/jungseong/robot_ws/install/my_first_ros_rclpy_pkg/lib/python3.10/site-packages/my_first_ros_rclpy_pkg
[1.603s] copying /home/jungseong/robot_ws/build/my_first_ros_rclpy_pkg/build/lib/my_first_ros_rclpy_pkg/__init__.py -> /home/jungseong/robot_ws/install/my_first_ros_rclpy_pkg/lib/python3.10/site-packages/my_first_ros_rclpy_pkg
[1.604s] byte-compiling /home/jungseong/robot_ws/install/my_first_ros_rclpy_pkg/lib/python3.10/site-packages/my_first_ros_rclpy_pkg/__init__.py to __init__.cpython-310.pyc
[1.604s] running install_data
[1.604s] creating /home/jungseong/robot_ws/install/my_first_ros_rclpy_pkg/share/ament_index
[1.604s] creating /home/jungseong/robot_ws/install/my_first_ros_rclpy_pkg/share/ament_index/resource_index
[1.605s] creating /home/jungseong/robot_ws/install/my_first_ros_rclpy_pkg/share/ament_index/resource_index/packages
[1.605s] copying resource/my_first_ros_rclpy_pkg -> /home/jungseong/robot_ws/install/my_first_ros_rclpy_pkg/share/ament_index/resource_index/packages
[1.605s] copying package.xml -> /home/jungseong/robot_ws/install/my_first_ros_rclpy_pkg/share/my_first_ros_rclpy_pkg
[1.605s] running install_egg_info
[1.607s] Copying ../../build/my_first_ros_rclpy_pkg/my_first_ros_rclpy_pkg.egg-info to /home/jungseong/robot_ws/install/my_first_ros_rclpy_pkg/lib/python3.10/site-packages/my_first_ros_rclpy_pkg-0.0.0-py3.10.egg-info
[1.608s] running install_scripts
[1.633s] writing list of installed files to '/home/jungseong/robot_ws/build/my_first_ros_rclpy_pkg/install.log'
[1.662s] Invoked command in '/home/jungseong/robot_ws/src/my_first_ros_rclpy_pkg' returned '0': PYTHONPATH=/home/jungseong/robot_ws/build/my_first_ros_rclpy_pkg/prefix_override:/usr/lib/python3/dist-packages/colcon_core/task/python/colcon_distutils_commands:/home/jungseong/robot_ws/install/my_first_ros_rclpy_pkg/lib/python3.10/site-packages:${PYTHONPATH} /usr/bin/python3 -W ignore:setup.py install is deprecated -W ignore:easy_install command is deprecated setup.py egg_info --egg-base ../../build/my_first_ros_rclpy_pkg build --build-base /home/jungseong/robot_ws/build/my_first_ros_rclpy_pkg/build install --record /home/jungseong/robot_ws/build/my_first_ros_rclpy_pkg/install.log --single-version-externally-managed install_data
