[1.009s] Invoking command in '/home/jungseong/robot_ws/build/topic_service_action_rclpy_final': AMENT_PREFIX_PATH=/home/jungseong/robot_ws/install/msg_srv_action_interface_example:${AMENT_PREFIX_PATH} CMAKE_PREFIX_PATH=/home/jungseong/robot_ws/install/msg_srv_action_interface_example LD_LIBRARY_PATH=/home/jungseong/robot_ws/install/msg_srv_action_interface_example/lib:${LD_LIBRARY_PATH} PYTHONPATH=/home/jungseong/robot_ws/build/topic_service_action_rclpy_final/prefix_override:/usr/lib/python3/dist-packages/colcon_core/task/python/colcon_distutils_commands:/home/jungseong/robot_ws/install/topic_service_action_rclpy_final/lib/python3.10/site-packages:/home/jungseong/robot_ws/install/msg_srv_action_interface_example/local/lib/python3.10/dist-packages:${PYTHONPATH} /usr/bin/python3 -W ignore:setup.py install is deprecated -W ignore:easy_install command is deprecated setup.py develop --editable --build-directory /home/jungseong/robot_ws/build/topic_service_action_rclpy_final/build --no-deps symlink_data
[1.419s] running develop
[1.723s] running egg_info
[1.723s] writing topic_service_action_rclpy_final.egg-info/PKG-INFO
[1.724s] writing dependency_links to topic_service_action_rclpy_final.egg-info/dependency_links.txt
[1.725s] writing entry points to topic_service_action_rclpy_final.egg-info/entry_points.txt
[1.725s] writing requirements to topic_service_action_rclpy_final.egg-info/requires.txt
[1.725s] writing top-level names to topic_service_action_rclpy_final.egg-info/top_level.txt
[1.728s] reading manifest file 'topic_service_action_rclpy_final.egg-info/SOURCES.txt'
[1.729s] writing manifest file 'topic_service_action_rclpy_final.egg-info/SOURCES.txt'
[1.731s] running build_ext
[1.731s] Creating /home/jungseong/robot_ws/install/topic_service_action_rclpy_final/lib/python3.10/site-packages/topic-service-action-rclpy-final.egg-link (link to .)
[1.732s] Installing argument script to /home/jungseong/robot_ws/install/topic_service_action_rclpy_final/lib/topic_service_action_rclpy_final
[1.733s] Installing calculator script to /home/jungseong/robot_ws/install/topic_service_action_rclpy_final/lib/topic_service_action_rclpy_final
[1.733s] Installing checker script to /home/jungseong/robot_ws/install/topic_service_action_rclpy_final/lib/topic_service_action_rclpy_final
[1.733s] Installing operator script to /home/jungseong/robot_ws/install/topic_service_action_rclpy_final/lib/topic_service_action_rclpy_final
[1.733s] 
[1.733s] Installed /home/jungseong/robot_ws/build/topic_service_action_rclpy_final
[1.733s] running symlink_data
[1.770s] Invoked command in '/home/jungseong/robot_ws/build/topic_service_action_rclpy_final' returned '0': AMENT_PREFIX_PATH=/home/jungseong/robot_ws/install/msg_srv_action_interface_example:${AMENT_PREFIX_PATH} CMAKE_PREFIX_PATH=/home/jungseong/robot_ws/install/msg_srv_action_interface_example LD_LIBRARY_PATH=/home/jungseong/robot_ws/install/msg_srv_action_interface_example/lib:${LD_LIBRARY_PATH} PYTHONPATH=/home/jungseong/robot_ws/build/topic_service_action_rclpy_final/prefix_override:/usr/lib/python3/dist-packages/colcon_core/task/python/colcon_distutils_commands:/home/jungseong/robot_ws/install/topic_service_action_rclpy_final/lib/python3.10/site-packages:/home/jungseong/robot_ws/install/msg_srv_action_interface_example/local/lib/python3.10/dist-packages:${PYTHONPATH} /usr/bin/python3 -W ignore:setup.py install is deprecated -W ignore:easy_install command is deprecated setup.py develop --editable --build-directory /home/jungseong/robot_ws/build/topic_service_action_rclpy_final/build --no-deps symlink_data
