[0.122s] DEBUG:colcon:Command line arguments: ['/usr/bin/colcon', 'build']
[0.122s] DEBUG:colcon:Parsed command line arguments: Namespace(log_base=None, log_level=None, verb_name='build', build_base='build', install_base='install', merge_install=False, symlink_install=False, test_result_base=None, continue_on_error=False, executor='parallel', parallel_workers=12, event_handlers=None, ignore_user_meta=False, metas=['./colcon.meta'], base_paths=['.'], packages_ignore=None, packages_ignore_regex=None, paths=None, packages_up_to=None, packages_up_to_regex=None, packages_above=None, packages_above_and_dependencies=None, packages_above_depth=None, packages_select_by_dep=None, packages_skip_by_dep=None, packages_skip_up_to=None, packages_select_build_failed=False, packages_skip_build_finished=False, packages_select_test_failures=False, packages_skip_test_passed=False, packages_select=None, packages_skip=None, packages_select_regex=None, packages_skip_regex=None, packages_start=None, packages_end=None, allow_overriding=[], cmake_args=None, cmake_target=None, cmake_target_skip_unavailable=False, cmake_clean_cache=False, cmake_clean_first=False, cmake_force_configure=False, ament_cmake_args=None, catkin_cmake_args=None, catkin_skip_building_tests=False, mixin_files=None, mixin=None, verb_parser=<colcon_mixin.mixin.mixin_argument.MixinArgumentDecorator object at 0x7fc08f3b1e40>, verb_extension=<colcon_core.verb.build.BuildVerb object at 0x7fc08f3b1990>, main=<bound method BuildVerb.main of <colcon_core.verb.build.BuildVerb object at 0x7fc08f3b1990>>, mixin_verb=('build',))
[0.360s] Level 1:colcon.colcon_core.package_discovery:discover_packages(colcon_meta) check parameters
[0.361s] Level 1:colcon.colcon_core.package_discovery:discover_packages(recursive) check parameters
[0.361s] Level 1:colcon.colcon_core.package_discovery:discover_packages(ignore) check parameters
[0.361s] Level 1:colcon.colcon_core.package_discovery:discover_packages(path) check parameters
[0.361s] Level 1:colcon.colcon_core.package_discovery:discover_packages(colcon_meta) discover
[0.361s] Level 1:colcon.colcon_core.package_discovery:discover_packages(recursive) discover
[0.361s] INFO:colcon.colcon_core.package_discovery:Crawling recursively for packages in '/home/jungseong/robot_ws'
[0.361s] Level 1:colcon.colcon_core.package_identification:_identify(.) by extensions ['ignore', 'ignore_ament_install']
[0.361s] Level 1:colcon.colcon_core.package_identification:_identify(.) by extension 'ignore'
[0.361s] Level 1:colcon.colcon_core.package_identification:_identify(.) by extension 'ignore_ament_install'
[0.362s] Level 1:colcon.colcon_core.package_identification:_identify(.) by extensions ['colcon_pkg']
[0.362s] Level 1:colcon.colcon_core.package_identification:_identify(.) by extension 'colcon_pkg'
[0.362s] Level 1:colcon.colcon_core.package_identification:_identify(.) by extensions ['colcon_meta']
[0.362s] Level 1:colcon.colcon_core.package_identification:_identify(.) by extension 'colcon_meta'
[0.362s] Level 1:colcon.colcon_core.package_identification:_identify(.) by extensions ['ros']
[0.362s] Level 1:colcon.colcon_core.package_identification:_identify(.) by extension 'ros'
[0.381s] Level 1:colcon.colcon_core.package_identification:_identify(.) by extensions ['cmake', 'python']
[0.381s] Level 1:colcon.colcon_core.package_identification:_identify(.) by extension 'cmake'
[0.381s] Level 1:colcon.colcon_core.package_identification:_identify(.) by extension 'python'
[0.381s] Level 1:colcon.colcon_core.package_identification:_identify(.) by extensions ['python_setup_py']
[0.382s] Level 1:colcon.colcon_core.package_identification:_identify(.) by extension 'python_setup_py'
[0.382s] Level 1:colcon.colcon_core.package_identification:_identify(ROS2 Programming) by extensions ['ignore', 'ignore_ament_install']
[0.382s] Level 1:colcon.colcon_core.package_identification:_identify(ROS2 Programming) by extension 'ignore'
[0.382s] Level 1:colcon.colcon_core.package_identification:_identify(ROS2 Programming) by extension 'ignore_ament_install'
[0.382s] Level 1:colcon.colcon_core.package_identification:_identify(ROS2 Programming) by extensions ['colcon_pkg']
[0.382s] Level 1:colcon.colcon_core.package_identification:_identify(ROS2 Programming) by extension 'colcon_pkg'
[0.382s] Level 1:colcon.colcon_core.package_identification:_identify(ROS2 Programming) by extensions ['colcon_meta']
[0.382s] Level 1:colcon.colcon_core.package_identification:_identify(ROS2 Programming) by extension 'colcon_meta'
[0.382s] Level 1:colcon.colcon_core.package_identification:_identify(ROS2 Programming) by extensions ['ros']
[0.382s] Level 1:colcon.colcon_core.package_identification:_identify(ROS2 Programming) by extension 'ros'
[0.382s] Level 1:colcon.colcon_core.package_identification:_identify(ROS2 Programming) by extensions ['cmake', 'python']
[0.382s] Level 1:colcon.colcon_core.package_identification:_identify(ROS2 Programming) by extension 'cmake'
[0.382s] Level 1:colcon.colcon_core.package_identification:_identify(ROS2 Programming) by extension 'python'
[0.382s] Level 1:colcon.colcon_core.package_identification:_identify(ROS2 Programming) by extensions ['python_setup_py']
[0.382s] Level 1:colcon.colcon_core.package_identification:_identify(ROS2 Programming) by extension 'python_setup_py'
[0.383s] Level 1:colcon.colcon_core.package_identification:_identify(ROS2 Programming/4. ROS2 Topic) by extensions ['ignore', 'ignore_ament_install']
[0.383s] Level 1:colcon.colcon_core.package_identification:_identify(ROS2 Programming/4. ROS2 Topic) by extension 'ignore'
[0.383s] Level 1:colcon.colcon_core.package_identification:_identify(ROS2 Programming/4. ROS2 Topic) by extension 'ignore_ament_install'
[0.383s] Level 1:colcon.colcon_core.package_identification:_identify(ROS2 Programming/4. ROS2 Topic) by extensions ['colcon_pkg']
[0.383s] Level 1:colcon.colcon_core.package_identification:_identify(ROS2 Programming/4. ROS2 Topic) by extension 'colcon_pkg'
[0.383s] Level 1:colcon.colcon_core.package_identification:_identify(ROS2 Programming/4. ROS2 Topic) by extensions ['colcon_meta']
[0.383s] Level 1:colcon.colcon_core.package_identification:_identify(ROS2 Programming/4. ROS2 Topic) by extension 'colcon_meta'
[0.383s] Level 1:colcon.colcon_core.package_identification:_identify(ROS2 Programming/4. ROS2 Topic) by extensions ['ros']
[0.383s] Level 1:colcon.colcon_core.package_identification:_identify(ROS2 Programming/4. ROS2 Topic) by extension 'ros'
[0.383s] Level 1:colcon.colcon_core.package_identification:_identify(ROS2 Programming/4. ROS2 Topic) by extensions ['cmake', 'python']
[0.383s] Level 1:colcon.colcon_core.package_identification:_identify(ROS2 Programming/4. ROS2 Topic) by extension 'cmake'
[0.383s] Level 1:colcon.colcon_core.package_identification:_identify(ROS2 Programming/4. ROS2 Topic) by extension 'python'
[0.384s] Level 1:colcon.colcon_core.package_identification:_identify(ROS2 Programming/4. ROS2 Topic) by extensions ['python_setup_py']
[0.384s] Level 1:colcon.colcon_core.package_identification:_identify(ROS2 Programming/4. ROS2 Topic) by extension 'python_setup_py'
[0.384s] Level 1:colcon.colcon_core.package_identification:_identify(ROS2 Programming/5. ROS2 Service) by extensions ['ignore', 'ignore_ament_install']
[0.384s] Level 1:colcon.colcon_core.package_identification:_identify(ROS2 Programming/5. ROS2 Service) by extension 'ignore'
[0.384s] Level 1:colcon.colcon_core.package_identification:_identify(ROS2 Programming/5. ROS2 Service) by extension 'ignore_ament_install'
[0.384s] Level 1:colcon.colcon_core.package_identification:_identify(ROS2 Programming/5. ROS2 Service) by extensions ['colcon_pkg']
[0.384s] Level 1:colcon.colcon_core.package_identification:_identify(ROS2 Programming/5. ROS2 Service) by extension 'colcon_pkg'
[0.384s] Level 1:colcon.colcon_core.package_identification:_identify(ROS2 Programming/5. ROS2 Service) by extensions ['colcon_meta']
[0.384s] Level 1:colcon.colcon_core.package_identification:_identify(ROS2 Programming/5. ROS2 Service) by extension 'colcon_meta'
[0.384s] Level 1:colcon.colcon_core.package_identification:_identify(ROS2 Programming/5. ROS2 Service) by extensions ['ros']
[0.384s] Level 1:colcon.colcon_core.package_identification:_identify(ROS2 Programming/5. ROS2 Service) by extension 'ros'
[0.384s] Level 1:colcon.colcon_core.package_identification:_identify(ROS2 Programming/5. ROS2 Service) by extensions ['cmake', 'python']
[0.384s] Level 1:colcon.colcon_core.package_identification:_identify(ROS2 Programming/5. ROS2 Service) by extension 'cmake'
[0.384s] Level 1:colcon.colcon_core.package_identification:_identify(ROS2 Programming/5. ROS2 Service) by extension 'python'
[0.385s] Level 1:colcon.colcon_core.package_identification:_identify(ROS2 Programming/5. ROS2 Service) by extensions ['python_setup_py']
[0.385s] Level 1:colcon.colcon_core.package_identification:_identify(ROS2 Programming/5. ROS2 Service) by extension 'python_setup_py'
[0.385s] Level 1:colcon.colcon_core.package_identification:_identify(ROS2 Programming/6. Python Class) by extensions ['ignore', 'ignore_ament_install']
[0.385s] Level 1:colcon.colcon_core.package_identification:_identify(ROS2 Programming/6. Python Class) by extension 'ignore'
[0.385s] Level 1:colcon.colcon_core.package_identification:_identify(ROS2 Programming/6. Python Class) by extension 'ignore_ament_install'
[0.385s] Level 1:colcon.colcon_core.package_identification:_identify(ROS2 Programming/6. Python Class) by extensions ['colcon_pkg']
[0.385s] Level 1:colcon.colcon_core.package_identification:_identify(ROS2 Programming/6. Python Class) by extension 'colcon_pkg'
[0.385s] Level 1:colcon.colcon_core.package_identification:_identify(ROS2 Programming/6. Python Class) by extensions ['colcon_meta']
[0.385s] Level 1:colcon.colcon_core.package_identification:_identify(ROS2 Programming/6. Python Class) by extension 'colcon_meta'
[0.385s] Level 1:colcon.colcon_core.package_identification:_identify(ROS2 Programming/6. Python Class) by extensions ['ros']
[0.385s] Level 1:colcon.colcon_core.package_identification:_identify(ROS2 Programming/6. Python Class) by extension 'ros'
[0.386s] Level 1:colcon.colcon_core.package_identification:_identify(ROS2 Programming/6. Python Class) by extensions ['cmake', 'python']
[0.386s] Level 1:colcon.colcon_core.package_identification:_identify(ROS2 Programming/6. Python Class) by extension 'cmake'
[0.386s] Level 1:colcon.colcon_core.package_identification:_identify(ROS2 Programming/6. Python Class) by extension 'python'
[0.386s] Level 1:colcon.colcon_core.package_identification:_identify(ROS2 Programming/6. Python Class) by extensions ['python_setup_py']
[0.386s] Level 1:colcon.colcon_core.package_identification:_identify(ROS2 Programming/6. Python Class) by extension 'python_setup_py'
[0.386s] Level 1:colcon.colcon_core.package_identification:_identify(ROS2 Programming/7. Make package) by extensions ['ignore', 'ignore_ament_install']
[0.386s] Level 1:colcon.colcon_core.package_identification:_identify(ROS2 Programming/7. Make package) by extension 'ignore'
[0.386s] Level 1:colcon.colcon_core.package_identification:_identify(ROS2 Programming/7. Make package) by extension 'ignore_ament_install'
[0.386s] Level 1:colcon.colcon_core.package_identification:_identify(ROS2 Programming/7. Make package) by extensions ['colcon_pkg']
[0.386s] Level 1:colcon.colcon_core.package_identification:_identify(ROS2 Programming/7. Make package) by extension 'colcon_pkg'
[0.386s] Level 1:colcon.colcon_core.package_identification:_identify(ROS2 Programming/7. Make package) by extensions ['colcon_meta']
[0.386s] Level 1:colcon.colcon_core.package_identification:_identify(ROS2 Programming/7. Make package) by extension 'colcon_meta'
[0.386s] Level 1:colcon.colcon_core.package_identification:_identify(ROS2 Programming/7. Make package) by extensions ['ros']
[0.386s] Level 1:colcon.colcon_core.package_identification:_identify(ROS2 Programming/7. Make package) by extension 'ros'
[0.387s] Level 1:colcon.colcon_core.package_identification:_identify(ROS2 Programming/7. Make package) by extensions ['cmake', 'python']
[0.387s] Level 1:colcon.colcon_core.package_identification:_identify(ROS2 Programming/7. Make package) by extension 'cmake'
[0.387s] Level 1:colcon.colcon_core.package_identification:_identify(ROS2 Programming/7. Make package) by extension 'python'
[0.387s] Level 1:colcon.colcon_core.package_identification:_identify(ROS2 Programming/7. Make package) by extensions ['python_setup_py']
[0.387s] Level 1:colcon.colcon_core.package_identification:_identify(ROS2 Programming/7. Make package) by extension 'python_setup_py'
[0.387s] Level 1:colcon.colcon_core.package_identification:_identify(build) by extensions ['ignore', 'ignore_ament_install']
[0.387s] Level 1:colcon.colcon_core.package_identification:_identify(build) by extension 'ignore'
[0.387s] Level 1:colcon.colcon_core.package_identification:_identify(build) ignored
[0.387s] Level 1:colcon.colcon_core.package_identification:_identify(install) by extensions ['ignore', 'ignore_ament_install']
[0.387s] Level 1:colcon.colcon_core.package_identification:_identify(install) by extension 'ignore'
[0.387s] Level 1:colcon.colcon_core.package_identification:_identify(install) ignored
[0.388s] Level 1:colcon.colcon_core.package_identification:_identify(log) by extensions ['ignore', 'ignore_ament_install']
[0.388s] Level 1:colcon.colcon_core.package_identification:_identify(log) by extension 'ignore'
[0.388s] Level 1:colcon.colcon_core.package_identification:_identify(log) ignored
[0.388s] Level 1:colcon.colcon_core.package_identification:_identify(src) by extensions ['ignore', 'ignore_ament_install']
[0.388s] Level 1:colcon.colcon_core.package_identification:_identify(src) by extension 'ignore'
[0.388s] Level 1:colcon.colcon_core.package_identification:_identify(src) by extension 'ignore_ament_install'
[0.388s] Level 1:colcon.colcon_core.package_identification:_identify(src) by extensions ['colcon_pkg']
[0.388s] Level 1:colcon.colcon_core.package_identification:_identify(src) by extension 'colcon_pkg'
[0.388s] Level 1:colcon.colcon_core.package_identification:_identify(src) by extensions ['colcon_meta']
[0.388s] Level 1:colcon.colcon_core.package_identification:_identify(src) by extension 'colcon_meta'
[0.388s] Level 1:colcon.colcon_core.package_identification:_identify(src) by extensions ['ros']
[0.388s] Level 1:colcon.colcon_core.package_identification:_identify(src) by extension 'ros'
[0.388s] Level 1:colcon.colcon_core.package_identification:_identify(src) by extensions ['cmake', 'python']
[0.388s] Level 1:colcon.colcon_core.package_identification:_identify(src) by extension 'cmake'
[0.389s] Level 1:colcon.colcon_core.package_identification:_identify(src) by extension 'python'
[0.389s] Level 1:colcon.colcon_core.package_identification:_identify(src) by extensions ['python_setup_py']
[0.389s] Level 1:colcon.colcon_core.package_identification:_identify(src) by extension 'python_setup_py'
[0.389s] Level 1:colcon.colcon_core.package_identification:_identify(src/msg_srv_action_interface_example) by extensions ['ignore', 'ignore_ament_install']
[0.389s] Level 1:colcon.colcon_core.package_identification:_identify(src/msg_srv_action_interface_example) by extension 'ignore'
[0.389s] Level 1:colcon.colcon_core.package_identification:_identify(src/msg_srv_action_interface_example) by extension 'ignore_ament_install'
[0.389s] Level 1:colcon.colcon_core.package_identification:_identify(src/msg_srv_action_interface_example) by extensions ['colcon_pkg']
[0.389s] Level 1:colcon.colcon_core.package_identification:_identify(src/msg_srv_action_interface_example) by extension 'colcon_pkg'
[0.389s] Level 1:colcon.colcon_core.package_identification:_identify(src/msg_srv_action_interface_example) by extensions ['colcon_meta']
[0.389s] Level 1:colcon.colcon_core.package_identification:_identify(src/msg_srv_action_interface_example) by extension 'colcon_meta'
[0.389s] Level 1:colcon.colcon_core.package_identification:_identify(src/msg_srv_action_interface_example) by extensions ['ros']
[0.389s] Level 1:colcon.colcon_core.package_identification:_identify(src/msg_srv_action_interface_example) by extension 'ros'
[0.392s] DEBUG:colcon.colcon_core.package_identification:Package 'src/msg_srv_action_interface_example' with type 'ros.ament_cmake' and name 'msg_srv_action_interface_example'
[0.392s] Level 1:colcon.colcon_core.package_identification:_identify(src/my_first_ros_rclcpp_pkg) by extensions ['ignore', 'ignore_ament_install']
[0.392s] Level 1:colcon.colcon_core.package_identification:_identify(src/my_first_ros_rclcpp_pkg) by extension 'ignore'
[0.392s] Level 1:colcon.colcon_core.package_identification:_identify(src/my_first_ros_rclcpp_pkg) by extension 'ignore_ament_install'
[0.392s] Level 1:colcon.colcon_core.package_identification:_identify(src/my_first_ros_rclcpp_pkg) by extensions ['colcon_pkg']
[0.392s] Level 1:colcon.colcon_core.package_identification:_identify(src/my_first_ros_rclcpp_pkg) by extension 'colcon_pkg'
[0.392s] Level 1:colcon.colcon_core.package_identification:_identify(src/my_first_ros_rclcpp_pkg) by extensions ['colcon_meta']
[0.392s] Level 1:colcon.colcon_core.package_identification:_identify(src/my_first_ros_rclcpp_pkg) by extension 'colcon_meta'
[0.392s] Level 1:colcon.colcon_core.package_identification:_identify(src/my_first_ros_rclcpp_pkg) by extensions ['ros']
[0.392s] Level 1:colcon.colcon_core.package_identification:_identify(src/my_first_ros_rclcpp_pkg) by extension 'ros'
[0.394s] DEBUG:colcon.colcon_core.package_identification:Package 'src/my_first_ros_rclcpp_pkg' with type 'ros.ament_cmake' and name 'my_first_ros_rclcpp_pkg'
[0.394s] Level 1:colcon.colcon_core.package_identification:_identify(src/my_first_ros_rclpy_pkg) by extensions ['ignore', 'ignore_ament_install']
[0.394s] Level 1:colcon.colcon_core.package_identification:_identify(src/my_first_ros_rclpy_pkg) by extension 'ignore'
[0.394s] Level 1:colcon.colcon_core.package_identification:_identify(src/my_first_ros_rclpy_pkg) by extension 'ignore_ament_install'
[0.394s] Level 1:colcon.colcon_core.package_identification:_identify(src/my_first_ros_rclpy_pkg) by extensions ['colcon_pkg']
[0.394s] Level 1:colcon.colcon_core.package_identification:_identify(src/my_first_ros_rclpy_pkg) by extension 'colcon_pkg'
[0.394s] Level 1:colcon.colcon_core.package_identification:_identify(src/my_first_ros_rclpy_pkg) by extensions ['colcon_meta']
[0.394s] Level 1:colcon.colcon_core.package_identification:_identify(src/my_first_ros_rclpy_pkg) by extension 'colcon_meta'
[0.394s] Level 1:colcon.colcon_core.package_identification:_identify(src/my_first_ros_rclpy_pkg) by extensions ['ros']
[0.394s] Level 1:colcon.colcon_core.package_identification:_identify(src/my_first_ros_rclpy_pkg) by extension 'ros'
[0.395s] DEBUG:colcon.colcon_core.package_identification:Package 'src/my_first_ros_rclpy_pkg' with type 'ros.ament_python' and name 'my_first_ros_rclpy_pkg'
[0.395s] Level 1:colcon.colcon_core.package_discovery:discover_packages(recursive) using defaults
[0.395s] Level 1:colcon.colcon_core.package_discovery:discover_packages(ignore) discover
[0.395s] Level 1:colcon.colcon_core.package_discovery:discover_packages(ignore) using defaults
[0.395s] Level 1:colcon.colcon_core.package_discovery:discover_packages(path) discover
[0.395s] Level 1:colcon.colcon_core.package_discovery:discover_packages(path) using defaults
[0.418s] Level 1:colcon.colcon_core.package_discovery:discover_packages(prefix_path) check parameters
[0.418s] Level 1:colcon.colcon_core.package_discovery:discover_packages(prefix_path) discover
[0.422s] DEBUG:colcon.colcon_installed_package_information.package_discovery:Found 3 installed packages in /home/jungseong/robot_ws/install
[0.423s] DEBUG:colcon.colcon_installed_package_information.package_discovery:Found 6 installed packages in /home/jungseong/yahboomcar_ws/install
[0.425s] DEBUG:colcon.colcon_installed_package_information.package_discovery:Found 300 installed packages in /opt/ros/humble
[0.427s] Level 1:colcon.colcon_core.package_discovery:discover_packages(prefix_path) using defaults
[0.481s] Level 5:colcon.colcon_core.verb:set package 'msg_srv_action_interface_example' build argument 'cmake_args' from command line to 'None'
[0.481s] Level 5:colcon.colcon_core.verb:set package 'msg_srv_action_interface_example' build argument 'cmake_target' from command line to 'None'
[0.481s] Level 5:colcon.colcon_core.verb:set package 'msg_srv_action_interface_example' build argument 'cmake_target_skip_unavailable' from command line to 'False'
[0.481s] Level 5:colcon.colcon_core.verb:set package 'msg_srv_action_interface_example' build argument 'cmake_clean_cache' from command line to 'False'
[0.481s] Level 5:colcon.colcon_core.verb:set package 'msg_srv_action_interface_example' build argument 'cmake_clean_first' from command line to 'False'
[0.481s] Level 5:colcon.colcon_core.verb:set package 'msg_srv_action_interface_example' build argument 'cmake_force_configure' from command line to 'False'
[0.481s] Level 5:colcon.colcon_core.verb:set package 'msg_srv_action_interface_example' build argument 'ament_cmake_args' from command line to 'None'
[0.481s] Level 5:colcon.colcon_core.verb:set package 'msg_srv_action_interface_example' build argument 'catkin_cmake_args' from command line to 'None'
[0.481s] Level 5:colcon.colcon_core.verb:set package 'msg_srv_action_interface_example' build argument 'catkin_skip_building_tests' from command line to 'False'
[0.481s] DEBUG:colcon.colcon_core.verb:Building package 'msg_srv_action_interface_example' with the following arguments: {'ament_cmake_args': None, 'build_base': '/home/jungseong/robot_ws/build/msg_srv_action_interface_example', 'catkin_cmake_args': None, 'catkin_skip_building_tests': False, 'cmake_args': None, 'cmake_clean_cache': False, 'cmake_clean_first': False, 'cmake_force_configure': False, 'cmake_target': None, 'cmake_target_skip_unavailable': False, 'install_base': '/home/jungseong/robot_ws/install/msg_srv_action_interface_example', 'merge_install': False, 'path': '/home/jungseong/robot_ws/src/msg_srv_action_interface_example', 'symlink_install': False, 'test_result_base': None}
[0.482s] Level 5:colcon.colcon_core.verb:set package 'my_first_ros_rclcpp_pkg' build argument 'cmake_args' from command line to 'None'
[0.482s] Level 5:colcon.colcon_core.verb:set package 'my_first_ros_rclcpp_pkg' build argument 'cmake_target' from command line to 'None'
[0.482s] Level 5:colcon.colcon_core.verb:set package 'my_first_ros_rclcpp_pkg' build argument 'cmake_target_skip_unavailable' from command line to 'False'
[0.482s] Level 5:colcon.colcon_core.verb:set package 'my_first_ros_rclcpp_pkg' build argument 'cmake_clean_cache' from command line to 'False'
[0.482s] Level 5:colcon.colcon_core.verb:set package 'my_first_ros_rclcpp_pkg' build argument 'cmake_clean_first' from command line to 'False'
[0.482s] Level 5:colcon.colcon_core.verb:set package 'my_first_ros_rclcpp_pkg' build argument 'cmake_force_configure' from command line to 'False'
[0.482s] Level 5:colcon.colcon_core.verb:set package 'my_first_ros_rclcpp_pkg' build argument 'ament_cmake_args' from command line to 'None'
[0.482s] Level 5:colcon.colcon_core.verb:set package 'my_first_ros_rclcpp_pkg' build argument 'catkin_cmake_args' from command line to 'None'
[0.482s] Level 5:colcon.colcon_core.verb:set package 'my_first_ros_rclcpp_pkg' build argument 'catkin_skip_building_tests' from command line to 'False'
[0.482s] DEBUG:colcon.colcon_core.verb:Building package 'my_first_ros_rclcpp_pkg' with the following arguments: {'ament_cmake_args': None, 'build_base': '/home/jungseong/robot_ws/build/my_first_ros_rclcpp_pkg', 'catkin_cmake_args': None, 'catkin_skip_building_tests': False, 'cmake_args': None, 'cmake_clean_cache': False, 'cmake_clean_first': False, 'cmake_force_configure': False, 'cmake_target': None, 'cmake_target_skip_unavailable': False, 'install_base': '/home/jungseong/robot_ws/install/my_first_ros_rclcpp_pkg', 'merge_install': False, 'path': '/home/jungseong/robot_ws/src/my_first_ros_rclcpp_pkg', 'symlink_install': False, 'test_result_base': None}
[0.482s] Level 5:colcon.colcon_core.verb:set package 'my_first_ros_rclpy_pkg' build argument 'cmake_args' from command line to 'None'
[0.482s] Level 5:colcon.colcon_core.verb:set package 'my_first_ros_rclpy_pkg' build argument 'cmake_target' from command line to 'None'
[0.482s] Level 5:colcon.colcon_core.verb:set package 'my_first_ros_rclpy_pkg' build argument 'cmake_target_skip_unavailable' from command line to 'False'
[0.482s] Level 5:colcon.colcon_core.verb:set package 'my_first_ros_rclpy_pkg' build argument 'cmake_clean_cache' from command line to 'False'
[0.482s] Level 5:colcon.colcon_core.verb:set package 'my_first_ros_rclpy_pkg' build argument 'cmake_clean_first' from command line to 'False'
[0.483s] Level 5:colcon.colcon_core.verb:set package 'my_first_ros_rclpy_pkg' build argument 'cmake_force_configure' from command line to 'False'
[0.483s] Level 5:colcon.colcon_core.verb:set package 'my_first_ros_rclpy_pkg' build argument 'ament_cmake_args' from command line to 'None'
[0.483s] Level 5:colcon.colcon_core.verb:set package 'my_first_ros_rclpy_pkg' build argument 'catkin_cmake_args' from command line to 'None'
[0.483s] Level 5:colcon.colcon_core.verb:set package 'my_first_ros_rclpy_pkg' build argument 'catkin_skip_building_tests' from command line to 'False'
[0.483s] DEBUG:colcon.colcon_core.verb:Building package 'my_first_ros_rclpy_pkg' with the following arguments: {'ament_cmake_args': None, 'build_base': '/home/jungseong/robot_ws/build/my_first_ros_rclpy_pkg', 'catkin_cmake_args': None, 'catkin_skip_building_tests': False, 'cmake_args': None, 'cmake_clean_cache': False, 'cmake_clean_first': False, 'cmake_force_configure': False, 'cmake_target': None, 'cmake_target_skip_unavailable': False, 'install_base': '/home/jungseong/robot_ws/install/my_first_ros_rclpy_pkg', 'merge_install': False, 'path': '/home/jungseong/robot_ws/src/my_first_ros_rclpy_pkg', 'symlink_install': False, 'test_result_base': None}
[0.483s] INFO:colcon.colcon_core.executor:Executing jobs using 'parallel' executor
[0.485s] DEBUG:colcon.colcon_parallel_executor.executor.parallel:run_until_complete
[0.485s] INFO:colcon.colcon_ros.task.ament_cmake.build:Building ROS package in '/home/jungseong/robot_ws/src/msg_srv_action_interface_example' with build type 'ament_cmake'
[0.485s] INFO:colcon.colcon_cmake.task.cmake.build:Building CMake package in '/home/jungseong/robot_ws/src/msg_srv_action_interface_example'
[0.489s] INFO:colcon.colcon_core.plugin_system:Skipping extension 'colcon_core.shell.bat': Not used on non-Windows systems
[0.490s] INFO:colcon.colcon_core.shell:Skip shell extension 'powershell' for command environment: Not usable outside of PowerShell
[0.490s] DEBUG:colcon.colcon_core.shell:Skip shell extension 'dsv' for command environment
[0.494s] INFO:colcon.colcon_ros.task.ament_cmake.build:Building ROS package in '/home/jungseong/robot_ws/src/my_first_ros_rclcpp_pkg' with build type 'ament_cmake'
[0.495s] INFO:colcon.colcon_cmake.task.cmake.build:Building CMake package in '/home/jungseong/robot_ws/src/my_first_ros_rclcpp_pkg'
[0.496s] INFO:colcon.colcon_core.shell:Skip shell extension 'powershell' for command environment: Not usable outside of PowerShell
[0.496s] DEBUG:colcon.colcon_core.shell:Skip shell extension 'dsv' for command environment
[0.502s] INFO:colcon.colcon_ros.task.ament_python.build:Building ROS package in '/home/jungseong/robot_ws/src/my_first_ros_rclpy_pkg' with build type 'ament_python'
[0.502s] Level 1:colcon.colcon_core.shell:create_environment_hook('my_first_ros_rclpy_pkg', 'ament_prefix_path')
[0.503s] INFO:colcon.colcon_core.shell:Creating environment hook '/home/jungseong/robot_ws/install/my_first_ros_rclpy_pkg/share/my_first_ros_rclpy_pkg/hook/ament_prefix_path.ps1'
[0.504s] INFO:colcon.colcon_core.shell:Creating environment descriptor '/home/jungseong/robot_ws/install/my_first_ros_rclpy_pkg/share/my_first_ros_rclpy_pkg/hook/ament_prefix_path.dsv'
[0.506s] INFO:colcon.colcon_core.shell:Creating environment hook '/home/jungseong/robot_ws/install/my_first_ros_rclpy_pkg/share/my_first_ros_rclpy_pkg/hook/ament_prefix_path.sh'
[0.511s] INFO:colcon.colcon_core.shell:Skip shell extension 'powershell' for command environment: Not usable outside of PowerShell
[0.511s] DEBUG:colcon.colcon_core.shell:Skip shell extension 'dsv' for command environment
[0.532s] DEBUG:colcon.colcon_core.event_handler.log_command:Invoking command in '/home/jungseong/robot_ws/build/msg_srv_action_interface_example': CMAKE_PREFIX_PATH=${CMAKE_PREFIX_PATH}:/home/jungseong/robot_ws/install/my_first_ros_rclpy_pkg:/home/jungseong/yahboomcar_ws/install/yahboomcar_ctrl:/home/jungseong/yahboomcar_ws/install/yahboomcar_bringup:/opt/ros/humble /usr/bin/cmake --build /home/jungseong/robot_ws/build/msg_srv_action_interface_example -- -j12 -l12
[0.546s] DEBUG:colcon.colcon_core.event_handler.log_command:Invoking command in '/home/jungseong/robot_ws/build/my_first_ros_rclcpp_pkg': CMAKE_PREFIX_PATH=${CMAKE_PREFIX_PATH}:/home/jungseong/robot_ws/install/my_first_ros_rclpy_pkg:/home/jungseong/yahboomcar_ws/install/yahboomcar_ctrl:/home/jungseong/yahboomcar_ws/install/yahboomcar_bringup:/opt/ros/humble /usr/bin/cmake --build /home/jungseong/robot_ws/build/my_first_ros_rclcpp_pkg -- -j12 -l12
[1.008s] INFO:colcon.colcon_core.task.python.build:Building Python package in '/home/jungseong/robot_ws/src/my_first_ros_rclpy_pkg'
[1.009s] INFO:colcon.colcon_core.shell:Skip shell extension 'powershell' for command environment: Not usable outside of PowerShell
[1.009s] DEBUG:colcon.colcon_core.shell:Skip shell extension 'dsv' for command environment
[1.019s] DEBUG:colcon.colcon_core.event_handler.log_command:Invoked command in '/home/jungseong/robot_ws/build/my_first_ros_rclcpp_pkg' returned '0': CMAKE_PREFIX_PATH=${CMAKE_PREFIX_PATH}:/home/jungseong/robot_ws/install/my_first_ros_rclpy_pkg:/home/jungseong/yahboomcar_ws/install/yahboomcar_ctrl:/home/jungseong/yahboomcar_ws/install/yahboomcar_bringup:/opt/ros/humble /usr/bin/cmake --build /home/jungseong/robot_ws/build/my_first_ros_rclcpp_pkg -- -j12 -l12
[1.033s] DEBUG:colcon.colcon_core.event_handler.log_command:Invoking command in '/home/jungseong/robot_ws/build/my_first_ros_rclcpp_pkg': CMAKE_PREFIX_PATH=${CMAKE_PREFIX_PATH}:/home/jungseong/robot_ws/install/my_first_ros_rclpy_pkg:/home/jungseong/yahboomcar_ws/install/yahboomcar_ctrl:/home/jungseong/yahboomcar_ws/install/yahboomcar_bringup:/opt/ros/humble /usr/bin/cmake --install /home/jungseong/robot_ws/build/my_first_ros_rclcpp_pkg
[1.049s] Level 1:colcon.colcon_core.environment:create_environment_scripts_only(my_first_ros_rclcpp_pkg)
[1.052s] DEBUG:colcon.colcon_core.event_handler.log_command:Invoked command in '/home/jungseong/robot_ws/build/my_first_ros_rclcpp_pkg' returned '0': CMAKE_PREFIX_PATH=${CMAKE_PREFIX_PATH}:/home/jungseong/robot_ws/install/my_first_ros_rclpy_pkg:/home/jungseong/yahboomcar_ws/install/yahboomcar_ctrl:/home/jungseong/yahboomcar_ws/install/yahboomcar_bringup:/opt/ros/humble /usr/bin/cmake --install /home/jungseong/robot_ws/build/my_first_ros_rclcpp_pkg
[1.056s] Level 1:colcon.colcon_core.environment:checking '/home/jungseong/robot_ws/install/my_first_ros_rclcpp_pkg' for CMake module files
[1.058s] Level 1:colcon.colcon_core.environment:checking '/home/jungseong/robot_ws/install/my_first_ros_rclcpp_pkg' for CMake config files
[1.058s] Level 1:colcon.colcon_core.shell:create_environment_hook('my_first_ros_rclcpp_pkg', 'cmake_prefix_path')
[1.059s] INFO:colcon.colcon_core.shell:Creating environment hook '/home/jungseong/robot_ws/install/my_first_ros_rclcpp_pkg/share/my_first_ros_rclcpp_pkg/hook/cmake_prefix_path.ps1'
[1.059s] INFO:colcon.colcon_core.shell:Creating environment descriptor '/home/jungseong/robot_ws/install/my_first_ros_rclcpp_pkg/share/my_first_ros_rclcpp_pkg/hook/cmake_prefix_path.dsv'
[1.060s] INFO:colcon.colcon_core.shell:Creating environment hook '/home/jungseong/robot_ws/install/my_first_ros_rclcpp_pkg/share/my_first_ros_rclcpp_pkg/hook/cmake_prefix_path.sh'
[1.062s] Level 1:colcon.colcon_core.environment:checking '/home/jungseong/robot_ws/install/my_first_ros_rclcpp_pkg/bin'
[1.062s] Level 1:colcon.colcon_core.environment:checking '/home/jungseong/robot_ws/install/my_first_ros_rclcpp_pkg/lib/pkgconfig/my_first_ros_rclcpp_pkg.pc'
[1.062s] Level 1:colcon.colcon_core.environment:checking '/home/jungseong/robot_ws/install/my_first_ros_rclcpp_pkg/lib/python3.10/site-packages'
[1.063s] Level 1:colcon.colcon_core.environment:checking '/home/jungseong/robot_ws/install/my_first_ros_rclcpp_pkg/bin'
[1.063s] INFO:colcon.colcon_core.shell:Creating package script '/home/jungseong/robot_ws/install/my_first_ros_rclcpp_pkg/share/my_first_ros_rclcpp_pkg/package.ps1'
[1.064s] INFO:colcon.colcon_core.shell:Creating package descriptor '/home/jungseong/robot_ws/install/my_first_ros_rclcpp_pkg/share/my_first_ros_rclcpp_pkg/package.dsv'
[1.066s] INFO:colcon.colcon_core.shell:Creating package script '/home/jungseong/robot_ws/install/my_first_ros_rclcpp_pkg/share/my_first_ros_rclcpp_pkg/package.sh'
[1.067s] INFO:colcon.colcon_core.shell:Creating package script '/home/jungseong/robot_ws/install/my_first_ros_rclcpp_pkg/share/my_first_ros_rclcpp_pkg/package.bash'
[1.068s] INFO:colcon.colcon_core.shell:Creating package script '/home/jungseong/robot_ws/install/my_first_ros_rclcpp_pkg/share/my_first_ros_rclcpp_pkg/package.zsh'
[1.070s] Level 1:colcon.colcon_core.environment:create_file_with_runtime_dependencies(/home/jungseong/robot_ws/install/my_first_ros_rclcpp_pkg/share/colcon-core/packages/my_first_ros_rclcpp_pkg)
[1.071s] Level 1:colcon.colcon_core.environment:create_environment_scripts_only(my_first_ros_rclcpp_pkg)
[1.071s] Level 1:colcon.colcon_core.environment:checking '/home/jungseong/robot_ws/install/my_first_ros_rclcpp_pkg' for CMake module files
[1.072s] Level 1:colcon.colcon_core.environment:checking '/home/jungseong/robot_ws/install/my_first_ros_rclcpp_pkg' for CMake config files
[1.072s] Level 1:colcon.colcon_core.shell:create_environment_hook('my_first_ros_rclcpp_pkg', 'cmake_prefix_path')
[1.072s] INFO:colcon.colcon_core.shell:Creating environment hook '/home/jungseong/robot_ws/install/my_first_ros_rclcpp_pkg/share/my_first_ros_rclcpp_pkg/hook/cmake_prefix_path.ps1'
[1.074s] INFO:colcon.colcon_core.shell:Creating environment descriptor '/home/jungseong/robot_ws/install/my_first_ros_rclcpp_pkg/share/my_first_ros_rclcpp_pkg/hook/cmake_prefix_path.dsv'
[1.075s] INFO:colcon.colcon_core.shell:Creating environment hook '/home/jungseong/robot_ws/install/my_first_ros_rclcpp_pkg/share/my_first_ros_rclcpp_pkg/hook/cmake_prefix_path.sh'
[1.076s] Level 1:colcon.colcon_core.environment:checking '/home/jungseong/robot_ws/install/my_first_ros_rclcpp_pkg/bin'
[1.076s] Level 1:colcon.colcon_core.environment:checking '/home/jungseong/robot_ws/install/my_first_ros_rclcpp_pkg/lib/pkgconfig/my_first_ros_rclcpp_pkg.pc'
[1.076s] Level 1:colcon.colcon_core.environment:checking '/home/jungseong/robot_ws/install/my_first_ros_rclcpp_pkg/lib/python3.10/site-packages'
[1.077s] Level 1:colcon.colcon_core.environment:checking '/home/jungseong/robot_ws/install/my_first_ros_rclcpp_pkg/bin'
[1.078s] INFO:colcon.colcon_core.shell:Creating package script '/home/jungseong/robot_ws/install/my_first_ros_rclcpp_pkg/share/my_first_ros_rclcpp_pkg/package.ps1'
[1.079s] INFO:colcon.colcon_core.shell:Creating package descriptor '/home/jungseong/robot_ws/install/my_first_ros_rclcpp_pkg/share/my_first_ros_rclcpp_pkg/package.dsv'
[1.079s] INFO:colcon.colcon_core.shell:Creating package script '/home/jungseong/robot_ws/install/my_first_ros_rclcpp_pkg/share/my_first_ros_rclcpp_pkg/package.sh'
[1.080s] INFO:colcon.colcon_core.shell:Creating package script '/home/jungseong/robot_ws/install/my_first_ros_rclcpp_pkg/share/my_first_ros_rclcpp_pkg/package.bash'
[1.081s] INFO:colcon.colcon_core.shell:Creating package script '/home/jungseong/robot_ws/install/my_first_ros_rclcpp_pkg/share/my_first_ros_rclcpp_pkg/package.zsh'
[1.081s] Level 1:colcon.colcon_core.environment:create_file_with_runtime_dependencies(/home/jungseong/robot_ws/install/my_first_ros_rclcpp_pkg/share/colcon-core/packages/my_first_ros_rclcpp_pkg)
[1.160s] DEBUG:colcon.colcon_core.event_handler.log_command:Invoked command in '/home/jungseong/robot_ws/build/msg_srv_action_interface_example' returned '0': CMAKE_PREFIX_PATH=${CMAKE_PREFIX_PATH}:/home/jungseong/robot_ws/install/my_first_ros_rclpy_pkg:/home/jungseong/yahboomcar_ws/install/yahboomcar_ctrl:/home/jungseong/yahboomcar_ws/install/yahboomcar_bringup:/opt/ros/humble /usr/bin/cmake --build /home/jungseong/robot_ws/build/msg_srv_action_interface_example -- -j12 -l12
[1.168s] DEBUG:colcon.colcon_core.event_handler.log_command:Invoking command in '/home/jungseong/robot_ws/build/msg_srv_action_interface_example': CMAKE_PREFIX_PATH=${CMAKE_PREFIX_PATH}:/home/jungseong/robot_ws/install/my_first_ros_rclpy_pkg:/home/jungseong/yahboomcar_ws/install/yahboomcar_ctrl:/home/jungseong/yahboomcar_ws/install/yahboomcar_bringup:/opt/ros/humble /usr/bin/cmake --install /home/jungseong/robot_ws/build/msg_srv_action_interface_example
[1.258s] Level 1:colcon.colcon_core.environment:create_environment_scripts_only(msg_srv_action_interface_example)
[1.258s] Level 1:colcon.colcon_core.environment:checking '/home/jungseong/robot_ws/install/msg_srv_action_interface_example' for CMake module files
[1.260s] DEBUG:colcon.colcon_core.event_handler.log_command:Invoked command in '/home/jungseong/robot_ws/build/msg_srv_action_interface_example' returned '0': CMAKE_PREFIX_PATH=${CMAKE_PREFIX_PATH}:/home/jungseong/robot_ws/install/my_first_ros_rclpy_pkg:/home/jungseong/yahboomcar_ws/install/yahboomcar_ctrl:/home/jungseong/yahboomcar_ws/install/yahboomcar_bringup:/opt/ros/humble /usr/bin/cmake --install /home/jungseong/robot_ws/build/msg_srv_action_interface_example
[1.261s] Level 1:colcon.colcon_core.environment:checking '/home/jungseong/robot_ws/install/msg_srv_action_interface_example' for CMake config files
[1.262s] Level 1:colcon.colcon_core.shell:create_environment_hook('msg_srv_action_interface_example', 'cmake_prefix_path')
[1.262s] INFO:colcon.colcon_core.shell:Creating environment hook '/home/jungseong/robot_ws/install/msg_srv_action_interface_example/share/msg_srv_action_interface_example/hook/cmake_prefix_path.ps1'
[1.262s] INFO:colcon.colcon_core.shell:Creating environment descriptor '/home/jungseong/robot_ws/install/msg_srv_action_interface_example/share/msg_srv_action_interface_example/hook/cmake_prefix_path.dsv'
[1.263s] INFO:colcon.colcon_core.shell:Creating environment hook '/home/jungseong/robot_ws/install/msg_srv_action_interface_example/share/msg_srv_action_interface_example/hook/cmake_prefix_path.sh'
[1.264s] Level 1:colcon.colcon_core.environment:checking '/home/jungseong/robot_ws/install/msg_srv_action_interface_example/lib'
[1.264s] Level 1:colcon.colcon_core.shell:create_environment_hook('msg_srv_action_interface_example', 'ld_library_path_lib')
[1.264s] INFO:colcon.colcon_core.shell:Creating environment hook '/home/jungseong/robot_ws/install/msg_srv_action_interface_example/share/msg_srv_action_interface_example/hook/ld_library_path_lib.ps1'
[1.264s] INFO:colcon.colcon_core.shell:Creating environment descriptor '/home/jungseong/robot_ws/install/msg_srv_action_interface_example/share/msg_srv_action_interface_example/hook/ld_library_path_lib.dsv'
[1.265s] INFO:colcon.colcon_core.shell:Creating environment hook '/home/jungseong/robot_ws/install/msg_srv_action_interface_example/share/msg_srv_action_interface_example/hook/ld_library_path_lib.sh'
[1.266s] Level 1:colcon.colcon_core.environment:checking '/home/jungseong/robot_ws/install/msg_srv_action_interface_example/bin'
[1.266s] Level 1:colcon.colcon_core.environment:checking '/home/jungseong/robot_ws/install/msg_srv_action_interface_example/lib/pkgconfig/msg_srv_action_interface_example.pc'
[1.266s] Level 1:colcon.colcon_core.environment:checking '/home/jungseong/robot_ws/install/msg_srv_action_interface_example/lib/python3.10/site-packages'
[1.266s] Level 1:colcon.colcon_core.environment:checking '/home/jungseong/robot_ws/install/msg_srv_action_interface_example/bin'
[1.267s] INFO:colcon.colcon_core.shell:Creating package script '/home/jungseong/robot_ws/install/msg_srv_action_interface_example/share/msg_srv_action_interface_example/package.ps1'
[1.267s] INFO:colcon.colcon_core.shell:Creating package descriptor '/home/jungseong/robot_ws/install/msg_srv_action_interface_example/share/msg_srv_action_interface_example/package.dsv'
[1.268s] INFO:colcon.colcon_core.shell:Creating package script '/home/jungseong/robot_ws/install/msg_srv_action_interface_example/share/msg_srv_action_interface_example/package.sh'
[1.269s] INFO:colcon.colcon_core.shell:Creating package script '/home/jungseong/robot_ws/install/msg_srv_action_interface_example/share/msg_srv_action_interface_example/package.bash'
[1.269s] INFO:colcon.colcon_core.shell:Creating package script '/home/jungseong/robot_ws/install/msg_srv_action_interface_example/share/msg_srv_action_interface_example/package.zsh'
[1.269s] Level 1:colcon.colcon_core.environment:create_file_with_runtime_dependencies(/home/jungseong/robot_ws/install/msg_srv_action_interface_example/share/colcon-core/packages/msg_srv_action_interface_example)
[1.270s] Level 1:colcon.colcon_core.environment:create_environment_scripts_only(msg_srv_action_interface_example)
[1.271s] Level 1:colcon.colcon_core.environment:checking '/home/jungseong/robot_ws/install/msg_srv_action_interface_example' for CMake module files
[1.271s] Level 1:colcon.colcon_core.environment:checking '/home/jungseong/robot_ws/install/msg_srv_action_interface_example' for CMake config files
[1.272s] Level 1:colcon.colcon_core.shell:create_environment_hook('msg_srv_action_interface_example', 'cmake_prefix_path')
[1.272s] INFO:colcon.colcon_core.shell:Creating environment hook '/home/jungseong/robot_ws/install/msg_srv_action_interface_example/share/msg_srv_action_interface_example/hook/cmake_prefix_path.ps1'
[1.273s] INFO:colcon.colcon_core.shell:Creating environment descriptor '/home/jungseong/robot_ws/install/msg_srv_action_interface_example/share/msg_srv_action_interface_example/hook/cmake_prefix_path.dsv'
[1.273s] INFO:colcon.colcon_core.shell:Creating environment hook '/home/jungseong/robot_ws/install/msg_srv_action_interface_example/share/msg_srv_action_interface_example/hook/cmake_prefix_path.sh'
[1.274s] Level 1:colcon.colcon_core.environment:checking '/home/jungseong/robot_ws/install/msg_srv_action_interface_example/lib'
[1.274s] Level 1:colcon.colcon_core.shell:create_environment_hook('msg_srv_action_interface_example', 'ld_library_path_lib')
[1.274s] INFO:colcon.colcon_core.shell:Creating environment hook '/home/jungseong/robot_ws/install/msg_srv_action_interface_example/share/msg_srv_action_interface_example/hook/ld_library_path_lib.ps1'
[1.275s] INFO:colcon.colcon_core.shell:Creating environment descriptor '/home/jungseong/robot_ws/install/msg_srv_action_interface_example/share/msg_srv_action_interface_example/hook/ld_library_path_lib.dsv'
[1.276s] INFO:colcon.colcon_core.shell:Creating environment hook '/home/jungseong/robot_ws/install/msg_srv_action_interface_example/share/msg_srv_action_interface_example/hook/ld_library_path_lib.sh'
[1.276s] Level 1:colcon.colcon_core.environment:checking '/home/jungseong/robot_ws/install/msg_srv_action_interface_example/bin'
[1.276s] Level 1:colcon.colcon_core.environment:checking '/home/jungseong/robot_ws/install/msg_srv_action_interface_example/lib/pkgconfig/msg_srv_action_interface_example.pc'
[1.277s] Level 1:colcon.colcon_core.environment:checking '/home/jungseong/robot_ws/install/msg_srv_action_interface_example/lib/python3.10/site-packages'
[1.277s] Level 1:colcon.colcon_core.environment:checking '/home/jungseong/robot_ws/install/msg_srv_action_interface_example/bin'
[1.277s] INFO:colcon.colcon_core.shell:Creating package script '/home/jungseong/robot_ws/install/msg_srv_action_interface_example/share/msg_srv_action_interface_example/package.ps1'
[1.278s] INFO:colcon.colcon_core.shell:Creating package descriptor '/home/jungseong/robot_ws/install/msg_srv_action_interface_example/share/msg_srv_action_interface_example/package.dsv'
[1.278s] INFO:colcon.colcon_core.shell:Creating package script '/home/jungseong/robot_ws/install/msg_srv_action_interface_example/share/msg_srv_action_interface_example/package.sh'
[1.279s] INFO:colcon.colcon_core.shell:Creating package script '/home/jungseong/robot_ws/install/msg_srv_action_interface_example/share/msg_srv_action_interface_example/package.bash'
[1.279s] INFO:colcon.colcon_core.shell:Creating package script '/home/jungseong/robot_ws/install/msg_srv_action_interface_example/share/msg_srv_action_interface_example/package.zsh'
[1.280s] Level 1:colcon.colcon_core.environment:create_file_with_runtime_dependencies(/home/jungseong/robot_ws/install/msg_srv_action_interface_example/share/colcon-core/packages/msg_srv_action_interface_example)
[1.575s] DEBUG:colcon.colcon_core.event_handler.log_command:Invoking command in '/home/jungseong/robot_ws/src/my_first_ros_rclpy_pkg': PYTHONPATH=/home/jungseong/robot_ws/build/my_first_ros_rclpy_pkg/prefix_override:/usr/lib/python3/dist-packages/colcon_core/task/python/colcon_distutils_commands:/home/jungseong/robot_ws/install/my_first_ros_rclpy_pkg/lib/python3.10/site-packages:${PYTHONPATH} /usr/bin/python3 -W ignore:setup.py install is deprecated -W ignore:easy_install command is deprecated setup.py egg_info --egg-base ../../build/my_first_ros_rclpy_pkg build --build-base /home/jungseong/robot_ws/build/my_first_ros_rclpy_pkg/build install --record /home/jungseong/robot_ws/build/my_first_ros_rclpy_pkg/install.log --single-version-externally-managed install_data
[2.003s] Level 1:colcon.colcon_core.environment:checking '/home/jungseong/robot_ws/install/my_first_ros_rclpy_pkg' for CMake module files
[2.004s] DEBUG:colcon.colcon_core.event_handler.log_command:Invoked command in '/home/jungseong/robot_ws/src/my_first_ros_rclpy_pkg' returned '0': PYTHONPATH=/home/jungseong/robot_ws/build/my_first_ros_rclpy_pkg/prefix_override:/usr/lib/python3/dist-packages/colcon_core/task/python/colcon_distutils_commands:/home/jungseong/robot_ws/install/my_first_ros_rclpy_pkg/lib/python3.10/site-packages:${PYTHONPATH} /usr/bin/python3 -W ignore:setup.py install is deprecated -W ignore:easy_install command is deprecated setup.py egg_info --egg-base ../../build/my_first_ros_rclpy_pkg build --build-base /home/jungseong/robot_ws/build/my_first_ros_rclpy_pkg/build install --record /home/jungseong/robot_ws/build/my_first_ros_rclpy_pkg/install.log --single-version-externally-managed install_data
[2.005s] Level 1:colcon.colcon_core.environment:checking '/home/jungseong/robot_ws/install/my_first_ros_rclpy_pkg' for CMake config files
[2.005s] Level 1:colcon.colcon_core.environment:checking '/home/jungseong/robot_ws/install/my_first_ros_rclpy_pkg/lib'
[2.006s] Level 1:colcon.colcon_core.environment:checking '/home/jungseong/robot_ws/install/my_first_ros_rclpy_pkg/bin'
[2.006s] Level 1:colcon.colcon_core.environment:checking '/home/jungseong/robot_ws/install/my_first_ros_rclpy_pkg/lib/pkgconfig/my_first_ros_rclpy_pkg.pc'
[2.006s] Level 1:colcon.colcon_core.environment:checking '/home/jungseong/robot_ws/install/my_first_ros_rclpy_pkg/lib/python3.10/site-packages'
[2.006s] Level 1:colcon.colcon_core.shell:create_environment_hook('my_first_ros_rclpy_pkg', 'pythonpath')
[2.006s] INFO:colcon.colcon_core.shell:Creating environment hook '/home/jungseong/robot_ws/install/my_first_ros_rclpy_pkg/share/my_first_ros_rclpy_pkg/hook/pythonpath.ps1'
[2.007s] INFO:colcon.colcon_core.shell:Creating environment descriptor '/home/jungseong/robot_ws/install/my_first_ros_rclpy_pkg/share/my_first_ros_rclpy_pkg/hook/pythonpath.dsv'
[2.008s] INFO:colcon.colcon_core.shell:Creating environment hook '/home/jungseong/robot_ws/install/my_first_ros_rclpy_pkg/share/my_first_ros_rclpy_pkg/hook/pythonpath.sh'
[2.009s] Level 1:colcon.colcon_core.environment:checking '/home/jungseong/robot_ws/install/my_first_ros_rclpy_pkg/bin'
[2.009s] Level 1:colcon.colcon_core.environment:create_environment_scripts_only(my_first_ros_rclpy_pkg)
[2.010s] INFO:colcon.colcon_core.shell:Creating package script '/home/jungseong/robot_ws/install/my_first_ros_rclpy_pkg/share/my_first_ros_rclpy_pkg/package.ps1'
[2.011s] INFO:colcon.colcon_core.shell:Creating package descriptor '/home/jungseong/robot_ws/install/my_first_ros_rclpy_pkg/share/my_first_ros_rclpy_pkg/package.dsv'
[2.011s] INFO:colcon.colcon_core.shell:Creating package script '/home/jungseong/robot_ws/install/my_first_ros_rclpy_pkg/share/my_first_ros_rclpy_pkg/package.sh'
[2.012s] INFO:colcon.colcon_core.shell:Creating package script '/home/jungseong/robot_ws/install/my_first_ros_rclpy_pkg/share/my_first_ros_rclpy_pkg/package.bash'
[2.013s] INFO:colcon.colcon_core.shell:Creating package script '/home/jungseong/robot_ws/install/my_first_ros_rclpy_pkg/share/my_first_ros_rclpy_pkg/package.zsh'
[2.013s] Level 1:colcon.colcon_core.environment:create_file_with_runtime_dependencies(/home/jungseong/robot_ws/install/my_first_ros_rclpy_pkg/share/colcon-core/packages/my_first_ros_rclpy_pkg)
[2.014s] DEBUG:colcon.colcon_parallel_executor.executor.parallel:closing loop
[2.015s] DEBUG:colcon.colcon_parallel_executor.executor.parallel:loop closed
[2.015s] DEBUG:colcon.colcon_parallel_executor.executor.parallel:run_until_complete finished with '0'
[2.016s] DEBUG:colcon.colcon_core.event_reactor:joining thread
[2.025s] INFO:colcon.colcon_core.plugin_system:Skipping extension 'colcon_notification.desktop_notification.terminal_notifier': Not used on non-Darwin systems
[2.026s] INFO:colcon.colcon_core.plugin_system:Skipping extension 'colcon_notification.desktop_notification.win32': Not used on non-Windows systems
[2.026s] INFO:colcon.colcon_notification.desktop_notification:Sending desktop notification using 'notify2'
[2.055s] DEBUG:colcon.colcon_core.event_reactor:joined thread
[2.056s] INFO:colcon.colcon_core.shell:Creating prefix script '/home/jungseong/robot_ws/install/local_setup.ps1'
[2.058s] INFO:colcon.colcon_core.shell:Creating prefix util module '/home/jungseong/robot_ws/install/_local_setup_util_ps1.py'
[2.061s] INFO:colcon.colcon_core.shell:Creating prefix chain script '/home/jungseong/robot_ws/install/setup.ps1'
[2.065s] INFO:colcon.colcon_core.shell:Creating prefix script '/home/jungseong/robot_ws/install/local_setup.sh'
[2.067s] INFO:colcon.colcon_core.shell:Creating prefix util module '/home/jungseong/robot_ws/install/_local_setup_util_sh.py'
[2.068s] INFO:colcon.colcon_core.shell:Creating prefix chain script '/home/jungseong/robot_ws/install/setup.sh'
[2.072s] INFO:colcon.colcon_core.shell:Creating prefix script '/home/jungseong/robot_ws/install/local_setup.bash'
[2.075s] INFO:colcon.colcon_core.shell:Creating prefix chain script '/home/jungseong/robot_ws/install/setup.bash'
[2.081s] INFO:colcon.colcon_core.shell:Creating prefix script '/home/jungseong/robot_ws/install/local_setup.zsh'
[2.082s] INFO:colcon.colcon_core.shell:Creating prefix chain script '/home/jungseong/robot_ws/install/setup.zsh'
