[0.033s] Invoking command in '/home/jungseong/robot_ws/build/msg_srv_action_interface_example': CMAKE_PREFIX_PATH=${CMAKE_PREFIX_PATH}:/home/jungseong/robot_ws/install/my_first_ros_rclpy_pkg:/opt/ros/humble /usr/bin/cmake /home/jungseong/robot_ws/src/msg_srv_action_interface_example -DCMAKE_INSTALL_PREFIX=/home/jungseong/robot_ws/install/msg_srv_action_interface_example
[0.050s] -- Found ament_cmake: 1.3.11 (/opt/ros/humble/share/ament_cmake/cmake)
[0.204s] -- Found builtin_interfaces: 1.2.1 (/opt/ros/humble/share/builtin_interfaces/cmake)
[0.242s] -- Found rosidl_generator_c: 3.1.6 (/opt/ros/humble/share/rosidl_generator_c/cmake)
[0.246s] -- Found rosidl_adapter: 3.1.6 (/opt/ros/humble/share/rosidl_adapter/cmake)
[0.253s] -- Found rosidl_generator_cpp: 3.1.6 (/opt/ros/humble/share/rosidl_generator_cpp/cmake)
[0.266s] -- Using all available rosidl_typesupport_c: rosidl_typesupport_fastrtps_c;rosidl_typesupport_introspection_c
[0.283s] -- Using all available rosidl_typesupport_cpp: rosidl_typesupport_fastrtps_cpp;rosidl_typesupport_introspection_cpp
[0.296s] -- Found rosidl_default_generators: 1.2.0 (/opt/ros/humble/share/rosidl_default_generators/cmake)
[0.305s] [31mCMake Error at /opt/ros/humble/share/rosidl_cmake/cmake/rosidl_generate_interfaces.cmake:93 (message):
[0.306s]   rosidl_generate_interfaces() the passed file
[0.306s]   'action/ArithmeticChecker.action' doesn't exist relative to the
[0.306s]   CMAKE_CURRENT_SOURCE_DIR
[0.306s]   '/home/jungseong/robot_ws/src/msg_srv_action_interface_example'
[0.306s] Call Stack (most recent call first):
[0.306s]   CMakeLists.txt:32 (rosidl_generate_interfaces)
[0.306s] 
[0.306s] [0m
[0.306s] -- Configuring incomplete, errors occurred!
[0.306s] See also "/home/jungseong/robot_ws/build/msg_srv_action_interface_example/CMakeFiles/CMakeOutput.log".
[0.460s] Invoked command in '/home/jungseong/robot_ws/build/msg_srv_action_interface_example' returned '1': CMAKE_PREFIX_PATH=${CMAKE_PREFIX_PATH}:/home/jungseong/robot_ws/install/my_first_ros_rclpy_pkg:/opt/ros/humble /usr/bin/cmake /home/jungseong/robot_ws/src/msg_srv_action_interface_example -DCMAKE_INSTALL_PREFIX=/home/jungseong/robot_ws/install/msg_srv_action_interface_example
