running egg_info
writing ../../build/topic_service_action_rclpy_example/topic_service_action_rclpy_example.egg-info/PKG-INFO
writing dependency_links to ../../build/topic_service_action_rclpy_example/topic_service_action_rclpy_example.egg-info/dependency_links.txt
writing entry points to ../../build/topic_service_action_rclpy_example/topic_service_action_rclpy_example.egg-info/entry_points.txt
writing requirements to ../../build/topic_service_action_rclpy_example/topic_service_action_rclpy_example.egg-info/requires.txt
writing top-level names to ../../build/topic_service_action_rclpy_example/topic_service_action_rclpy_example.egg-info/top_level.txt
reading manifest file '../../build/topic_service_action_rclpy_example/topic_service_action_rclpy_example.egg-info/SOURCES.txt'
writing manifest file '../../build/topic_service_action_rclpy_example/topic_service_action_rclpy_example.egg-info/SOURCES.txt'
running build
running build_py
running install
running install_lib
running install_data
running install_egg_info
removing '/home/jungseong/robot_ws/install/topic_service_action_rclpy_example/lib/python3.10/site-packages/topic_service_action_rclpy_example-0.0.0-py3.10.egg-info' (and everything under it)
Copying ../../build/topic_service_action_rclpy_example/topic_service_action_rclpy_example.egg-info to /home/jungseong/robot_ws/install/topic_service_action_rclpy_example/lib/python3.10/site-packages/topic_service_action_rclpy_example-0.0.0-py3.10.egg-info
running install_scripts
Installing argument script to /home/jungseong/robot_ws/install/topic_service_action_rclpy_example/lib/topic_service_action_rclpy_example
Installing calculator script to /home/jungseong/robot_ws/install/topic_service_action_rclpy_example/lib/topic_service_action_rclpy_example
Installing checker script to /home/jungseong/robot_ws/install/topic_service_action_rclpy_example/lib/topic_service_action_rclpy_example
Installing operator script to /home/jungseong/robot_ws/install/topic_service_action_rclpy_example/lib/topic_service_action_rclpy_example
writing list of installed files to '/home/jungseong/robot_ws/build/topic_service_action_rclpy_example/install.log'
