[0.951s] Invoking command in '/home/jungseong/robot_ws/src/topic_service_action_rclpy_example': CMAKE_PREFIX_PATH=/home/jungseong/robot_ws/install/msg_srv_action_interface_example:/home/jungseong/robot_ws/install/my_first_ros_rclcpp_pkg PYTHONPATH=/home/jungseong/robot_ws/build/topic_service_action_rclpy_example/prefix_override:/usr/lib/python3/dist-packages/colcon_core/task/python/colcon_distutils_commands:/home/jungseong/robot_ws/install/topic_service_action_rclpy_example/lib/python3.10/site-packages:${PYTHONPATH} /usr/bin/python3 -W ignore:setup.py install is deprecated -W ignore:easy_install command is deprecated setup.py egg_info --egg-base ../../build/topic_service_action_rclpy_example build --build-base /home/jungseong/robot_ws/build/topic_service_action_rclpy_example/build install --record /home/jungseong/robot_ws/build/topic_service_action_rclpy_example/install.log --single-version-externally-managed install_data
[1.322s] running egg_info
[1.324s] writing ../../build/topic_service_action_rclpy_example/topic_service_action_rclpy_example.egg-info/PKG-INFO
[1.324s] writing dependency_links to ../../build/topic_service_action_rclpy_example/topic_service_action_rclpy_example.egg-info/dependency_links.txt
[1.326s] writing entry points to ../../build/topic_service_action_rclpy_example/topic_service_action_rclpy_example.egg-info/entry_points.txt
[1.326s] writing requirements to ../../build/topic_service_action_rclpy_example/topic_service_action_rclpy_example.egg-info/requires.txt
[1.326s] writing top-level names to ../../build/topic_service_action_rclpy_example/topic_service_action_rclpy_example.egg-info/top_level.txt
[1.329s] reading manifest file '../../build/topic_service_action_rclpy_example/topic_service_action_rclpy_example.egg-info/SOURCES.txt'
[1.331s] writing manifest file '../../build/topic_service_action_rclpy_example/topic_service_action_rclpy_example.egg-info/SOURCES.txt'
[1.332s] running build
[1.332s] running build_py
[1.332s] running install
[1.332s] running install_lib
[1.334s] running install_data
[1.334s] running install_egg_info
[1.336s] removing '/home/jungseong/robot_ws/install/topic_service_action_rclpy_example/lib/python3.10/site-packages/topic_service_action_rclpy_example-0.0.0-py3.10.egg-info' (and everything under it)
[1.337s] Copying ../../build/topic_service_action_rclpy_example/topic_service_action_rclpy_example.egg-info to /home/jungseong/robot_ws/install/topic_service_action_rclpy_example/lib/python3.10/site-packages/topic_service_action_rclpy_example-0.0.0-py3.10.egg-info
[1.338s] running install_scripts
[1.368s] Installing argument script to /home/jungseong/robot_ws/install/topic_service_action_rclpy_example/lib/topic_service_action_rclpy_example
[1.369s] Installing calculator script to /home/jungseong/robot_ws/install/topic_service_action_rclpy_example/lib/topic_service_action_rclpy_example
[1.369s] Installing checker script to /home/jungseong/robot_ws/install/topic_service_action_rclpy_example/lib/topic_service_action_rclpy_example
[1.370s] Installing operator script to /home/jungseong/robot_ws/install/topic_service_action_rclpy_example/lib/topic_service_action_rclpy_example
[1.370s] writing list of installed files to '/home/jungseong/robot_ws/build/topic_service_action_rclpy_example/install.log'
[1.398s] Invoked command in '/home/jungseong/robot_ws/src/topic_service_action_rclpy_example' returned '0': CMAKE_PREFIX_PATH=/home/jungseong/robot_ws/install/msg_srv_action_interface_example:/home/jungseong/robot_ws/install/my_first_ros_rclcpp_pkg PYTHONPATH=/home/jungseong/robot_ws/build/topic_service_action_rclpy_example/prefix_override:/usr/lib/python3/dist-packages/colcon_core/task/python/colcon_distutils_commands:/home/jungseong/robot_ws/install/topic_service_action_rclpy_example/lib/python3.10/site-packages:${PYTHONPATH} /usr/bin/python3 -W ignore:setup.py install is deprecated -W ignore:easy_install command is deprecated setup.py egg_info --egg-base ../../build/topic_service_action_rclpy_example build --build-base /home/jungseong/robot_ws/build/topic_service_action_rclpy_example/build install --record /home/jungseong/robot_ws/build/topic_service_action_rclpy_example/install.log --single-version-externally-managed install_data
